[15-07-2022 13:12:08.410635] HALMD (HAL’s MD package) 1.0.1
[15-07-2022 13:12:08.410766] variant: +GPU +GPU_SINGLE_PRECISION +GPU_DOUBLE_SINGLE_PRECISION +FORCE_DSFUN
[15-07-2022 13:12:08.410781] built with GNU 8.3.0 and NVCC 9.2 for Lua 5.1.4, Boost C++ 1.67.0, and HDF5 1.10.4
[15-07-2022 13:12:08.410790] command line: halmd obstacle_slab.lua -v
[15-07-2022 13:12:08.410798] host name: merciful.imp.fu-berlin.de
[15-07-2022 13:12:08.413175] edge lengths of simulation domain: 100 30 30
[15-07-2022 13:12:08.417880] number of particles: 4000
[15-07-2022 13:12:08.417909] number of particle species: 1
[15-07-2022 13:12:08.424497] lattice: restrict lattice positions to centred slab: 0.2 1 1
[15-07-2022 13:12:08.424559] lattice: placing particles on fcc lattice: a = 2.5
[15-07-2022 13:12:08.424575] lattice: number of fcc unit cells: 8 12 12
[15-07-2022 13:12:08.424585] [WARNING] lattice: lattice not fully occupied (4608 sites)
[15-07-2022 13:12:08.436894] region_species (tube_group): using cuboid geometry
[15-07-2022 13:12:08.436930] region_species (tube_group): lowest corner: -10 0 0
[15-07-2022 13:12:08.436946] region_species (tube_group): edge length: 20 2 2
[15-07-2022 13:12:08.440201] write to H5MD file: /srv/public/bottinelli/sample/test_obstacle/obstacle_slab.h5
[15-07-2022 13:12:08.450256] integration time step: 0.005
[15-07-2022 13:12:08.450355] random (GPU): random number generator type: rand48
[15-07-2022 13:12:08.450373] random (GPU): set RNG seed: 3614597112
[15-07-2022 13:12:08.451851] verlet_nvt_boltzmann: temperature of Boltzmann distribution: 0
[15-07-2022 13:12:08.451891] verlet_nvt_boltzmann: coupling interval: 50 steps
[15-07-2022 13:12:08.451906] verlet_nvt_boltzmann: coupling rate: 4 per unit time
[15-07-2022 13:12:08.451942] starting simulation run
[15-07-2022 13:12:08.453094] running simulation over 2000 integration steps
[15-07-2022 13:12:08.498940] completed 2000 integration steps
[15-07-2022 13:12:08.498986] finishing simulation run
[15-07-2022 13:12:08.499240] [  0.2%] preparation for integration step: 39.12 ns (0.23 ns, 2000 calls)
[15-07-2022 13:12:08.499272] [  0.2%] functions prepended to integrate() stage: 46.98 ns (0.22 ns, 2000 calls)
[15-07-2022 13:12:08.499295] [  0.2%] setting particle positions on lattice: 111.838 µs
[15-07-2022 13:12:08.499303] [  0.3%] functions prepended to final stage: 66.45 ns (0.27 ns, 2000 calls)
[15-07-2022 13:12:08.499311] [  0.3%] functions appended to final stage: 67.32 ns (0.26 ns, 2000 calls)
[15-07-2022 13:12:08.499318] [  0.4%] functions appended to integrate() stage: 81.74 ns (0.27 ns, 2000 calls)
[15-07-2022 13:12:08.499325] [  0.5%] finishing simulation: 224.187 µs
[15-07-2022 13:12:08.499332] [  2.3%] Boltzmann distribution: 26.44 µs (0.32 µs, 40 calls)
[15-07-2022 13:12:08.499339] [  2.5%] start-up of simulation: 1.139 ms
[15-07-2022 13:12:08.499346] [  5.1%] evaluation of observables: 1.172 µs (0.033 µs, 2000 calls)
[15-07-2022 13:12:08.499353] [ 38.4%] second half-step of velocity-Verlet: 8.97 µs (0.58 µs, 1960 calls)
[15-07-2022 13:12:08.499360] [ 43.0%] first half-step of velocity-Verlet: 9.85 µs (0.24 µs, 2000 calls)
[15-07-2022 13:12:08.499368] [ 45.2%] final stage of integrators: 10.35 µs (0.57 µs, 2000 calls)
[15-07-2022 13:12:08.499376] [ 46.0%] integrate() stage of integrators: 10.53 µs (0.24 µs, 2000 calls)
[15-07-2022 13:12:08.499384] [ 93.9%] MD integration step: 21.52 µs (0.62 µs, 2000 calls)
[15-07-2022 13:12:08.499391] [100.0%] total simulation runtime: 45.817 ms
[15-07-2022 13:12:08.541027] HALMD exit
