[25-07-2022 10:34:31.418294] HALMD (HAL’s MD package) 1.0-alpha6-patch193 [AdResS-branch commit 36e879ed8]
[25-07-2022 10:34:31.418906] variant: +GPU +GPU_SINGLE_PRECISION +GPU_DOUBLE_SINGLE_PRECISION +FORCE_DSFUN
[25-07-2022 10:34:31.418944] built with GNU 8.3.0 and NVCC 9.2 for Lua 5.1.4
[25-07-2022 10:34:31.418968] command line: halmd obstacle_slab.lua -v --slab 0.25 --pore_diameter 15
[25-07-2022 10:34:31.418990] host name: bountiful.imp.fu-berlin.de
[25-07-2022 10:34:31.421988] profiler timer resolution: 1 ns
[25-07-2022 10:34:31.437572] edge lengths of simulation domain: 100 30 30
[25-07-2022 10:34:31.444357] number of particles: 46080
[25-07-2022 10:34:31.444420] number of particle species: 1
[25-07-2022 10:34:31.453073] lattice: restrict initial particle positions to slab: 0.25 1 1
[25-07-2022 10:34:31.453163] lattice: placing particles on fcc lattice: a = 1.25
[25-07-2022 10:34:31.496148] write to H5MD file: /home/mi/tbottinelli/test_obstacle/obstacle_slab.h5
[25-07-2022 10:34:31.509517] integration time step: 0.005
[25-07-2022 10:34:31.509653] random (GPU): random number generator type: rand48
[25-07-2022 10:34:31.509678] random (GPU): set RNG seed: 328210281
[25-07-2022 10:34:31.511503] verlet_nvt_andersen: temperature of heat bath: 0
[25-07-2022 10:34:31.511547] verlet_nvt_andersen: collision rate with heat bath: 4
[25-07-2022 10:34:31.515271] starting simulation run over 2000 integration steps
[25-07-2022 10:34:31.641503] finished simulation run
[25-07-2022 10:34:31.677975] HALMD exit
