[27-07-2022 10:27:07.301453] HALMD (HAL’s MD package) 1.0-alpha6-patch193 [AdResS-branch commit 36e879ed8]
[27-07-2022 10:27:07.301564] variant: +GPU +GPU_SINGLE_PRECISION +GPU_DOUBLE_SINGLE_PRECISION +FORCE_DSFUN
[27-07-2022 10:27:07.301572] built with GNU 8.3.0 and NVCC 9.2 for Lua 5.1.4
[27-07-2022 10:27:07.301577] command line: halmd obstacle_slab.lua --pore_diameter 15 --slab 0.15
[27-07-2022 10:27:07.301582] host name: merciful.imp.fu-berlin.de
[27-07-2022 10:27:07.303926] profiler timer resolution: 1 ns
[27-07-2022 10:27:07.315740] edge lengths of simulation domain: 100 30 30
[27-07-2022 10:27:07.320629] number of particles: 27648
[27-07-2022 10:27:07.320650] number of particle species: 1
[27-07-2022 10:27:07.327580] lattice: restrict initial particle positions to slab: 0.15 1 1
[27-07-2022 10:27:07.327631] lattice: placing particles on fcc lattice: a = 1.25
[27-07-2022 10:27:07.354817] write to H5MD file: /srv/public/bottinelli/tecla/test_obstacle/obstacle_slab.h5
[27-07-2022 10:27:07.365069] integration time step: 0.005
[27-07-2022 10:27:07.365124] random (GPU): random number generator type: rand48
[27-07-2022 10:27:07.365133] random (GPU): set RNG seed: 3452131243
[27-07-2022 10:27:07.366566] verlet_nvt_andersen: temperature of heat bath: 0
[27-07-2022 10:27:07.366586] verlet_nvt_andersen: collision rate with heat bath: 4
[27-07-2022 10:27:07.368276] starting simulation run over 2000 integration steps
[27-07-2022 10:27:07.510468] finished simulation run
[27-07-2022 10:27:07.548843] HALMD exit
