[19-07-2022 16:49:37.177495] HALMD (HAL’s MD package) 1.0-alpha6-patch193 [AdResS-branch commit 36e879ed8]
[19-07-2022 16:49:37.177699] variant: +GPU +GPU_SINGLE_PRECISION +GPU_DOUBLE_SINGLE_PRECISION +FORCE_DSFUN
[19-07-2022 16:49:37.177726] built with GNU 8.3.0 and NVCC 9.2 for Lua 5.1.4
[19-07-2022 16:49:37.177737] command line: halmd obstacle_slab.lua -v --slab 0.35
[19-07-2022 16:49:37.177745] host name: merciful.imp.fu-berlin.de
[19-07-2022 16:49:37.180605] profiler timer resolution: 1 ns
[19-07-2022 16:49:37.195605] edge lengths of simulation domain: 100 30 30
[19-07-2022 16:49:37.201001] number of particles: 64512
[19-07-2022 16:49:37.201050] number of particle species: 1
[19-07-2022 16:49:37.212819] lattice: restrict initial particle positions to slab: 0.35 1 1
[19-07-2022 16:49:37.212890] lattice: placing particles on fcc lattice: a = 1.25
[19-07-2022 16:49:37.256092] write to H5MD file: /srv/public/bottinelli/sample/test_obstacle/obstacle_slab.h5
[19-07-2022 16:49:37.288132] integration time step: 0.005
[19-07-2022 16:49:37.288274] random (GPU): random number generator type: rand48
[19-07-2022 16:49:37.288298] random (GPU): set RNG seed: 4193225489
[19-07-2022 16:49:37.290087] verlet_nvt_andersen: temperature of heat bath: 0
[19-07-2022 16:49:37.290137] verlet_nvt_andersen: collision rate with heat bath: 4
[19-07-2022 16:49:37.293730] starting simulation run over 2000 integration steps
[19-07-2022 16:49:37.839655] finished simulation run
[19-07-2022 16:49:37.942179] HALMD exit
