[27-07-2022 11:42:10.469823] HALMD (HAL’s MD package) 1.0-alpha6-patch193 [AdResS-branch commit 36e879ed8]
[27-07-2022 11:42:10.469939] variant: +GPU +GPU_SINGLE_PRECISION +GPU_DOUBLE_SINGLE_PRECISION +FORCE_DSFUN
[27-07-2022 11:42:10.469953] built with GNU 8.3.0 and NVCC 9.2 for Lua 5.1.4
[27-07-2022 11:42:10.469960] command line: halmd initial.lua -v --input obstacle_slab35_D15.h5 --slab 0.35 --particles 60000
[27-07-2022 11:42:10.469968] host name: merciful.imp.fu-berlin.de
[27-07-2022 11:42:10.472234] profiler timer resolution: 1 ns
[27-07-2022 11:42:10.472750] read from H5MD file: /srv/public/bottinelli/tecla/test_obstacle/obstacle_slab35_D15.h5
[27-07-2022 11:42:10.485575] reading /particles/pore/position at step 0
[27-07-2022 11:42:10.489861] edge lengths of simulation domain: 100 30 30
[27-07-2022 11:42:10.495724] number of particles: 108384
[27-07-2022 11:42:10.495750] number of particle species: 2
[27-07-2022 11:42:10.501040] number of particles: 48384
[27-07-2022 11:42:10.501070] number of particle species: 1
[27-07-2022 11:42:10.551207] lattice: restrict initial particle positions to slab: 0.6 1 1
[27-07-2022 11:42:10.551284] lattice: placing particles on fcc lattice: a = 1.25
[27-07-2022 11:42:10.551296] [WARNING] lattice: lattice not fully occupied (110592 sites)
[27-07-2022 11:42:10.601419] random (GPU): random number generator type: rand48
[27-07-2022 11:42:10.601456] random (GPU): set RNG seed: 668877256
[27-07-2022 11:42:10.601646] boltzmann (all): temperature of Boltzmann distribution: 1
[27-07-2022 11:42:10.702814] lennard_jones: potential well depths: ε = [2,2]((1,1),(1,1))
[27-07-2022 11:42:10.702879] lennard_jones: potential core width: σ = [2,2]((1,1),(1,1))
[27-07-2022 11:42:10.708070] potential cutoff length: r_c = [2,2]((2.5,2.5),(2.5,2.5))
[27-07-2022 11:42:10.708094] potential cutoff energy: U = [2,2]((-0.0163169,-0.0163169),(-0.0163169,-0.0163169))
[27-07-2022 11:42:10.725635] binning (all): initial cell occupancy: 0.5
[27-07-2022 11:42:10.725667] binning (all): neighbour list skin: 0.5
[27-07-2022 11:42:10.725676] binning (all): number of cells per dimension: 33 10 10
[27-07-2022 11:42:10.725683] binning (all): edge lengths of cells: 3.0303 3 3
[27-07-2022 11:42:10.725712] binning (all): number of placeholders per cell: 96
[27-07-2022 11:42:10.725718] binning (all): average cell occupancy: 0.342121
[27-07-2022 11:42:10.726629] neighbour (all ← all): neighbour list skin: 0.5
[27-07-2022 11:42:10.726648] neighbour (all ← all): number of placeholders per neighbour list: 341
[27-07-2022 11:42:10.726678] Hilbert sort (all): vertex recursion depth: 7
[27-07-2022 11:42:10.730865] integration time step: 0.005
[27-07-2022 11:42:10.731188] verlet_nvt_andersen: temperature of heat bath: 1
[27-07-2022 11:42:10.731222] verlet_nvt_andersen: collision rate with heat bath: 10
[27-07-2022 11:42:10.733487] [WARNING] overwrite existing file "pore_result.h5"
[27-07-2022 11:42:10.734474] write to H5MD file: /srv/public/bottinelli/tecla/test_obstacle/pore_result.h5
[27-07-2022 11:42:10.972731] wavevector: construct dense grid of wavevectors
[27-07-2022 11:42:10.972777] wavevector: maximum wavenumber: 12.6292
[27-07-2022 11:42:10.972791] wavevector: apply filter on wavevectors: 1 0 0
[27-07-2022 11:42:10.975662] starting simulation run over 2000 integration steps
[27-07-2022 11:42:18.549681] finished simulation run
[27-07-2022 11:42:18.549802] [  0.0%] start-up of simulation: 657.000 ns
[27-07-2022 11:42:18.549835] [  0.0%] finishing simulation: 14.253 µs
[27-07-2022 11:42:18.549857] [  0.0%] setting particle positions on lattice: 126.858 µs
[27-07-2022 11:42:18.549865] [  0.0%] preparation for integration step: 70.17 ns (0.31 ns, 2000 calls)
[27-07-2022 11:42:18.549877] [  0.0%] on_append_finalize: 87.04 ns (0.32 ns, 2000 calls)
[27-07-2022 11:42:18.549885] [  0.0%] on_append_integrate: 106.9 ns (6.3 ns, 2000 calls)
[27-07-2022 11:42:18.549893] [  0.0%] map particles to Hilbert curve (all): 7.419 µs (0.095 µs, 231 calls)
[27-07-2022 11:42:18.549901] [  0.0%] computation of smooth_r4 Lennard-Jones potential and auxiliary variables: 2.228 ms
[27-07-2022 11:42:18.549912] [  0.0%] zero maximum displacement (all): 5.793 µs (0.079 µs, 462 calls)
[27-07-2022 11:42:18.549921] [  0.0%] on_prepend_integrate: 1.677 µs (0.078 µs, 2000 calls)
[27-07-2022 11:42:18.549929] [  0.2%] computation of density modes for allfluid particles: 2.0190 ms (0.0072 ms, 6 calls)
[27-07-2022 11:42:18.549937] [  1.1%] compute maximum displacement (all): 42.389 µs (0.037 µs, 2000 calls)
[27-07-2022 11:42:18.549945] [  1.2%] second half-step of velocity-Verlet (+ Andersen thermostat): 43.73 µs (0.14 µs, 2000 calls)
[27-07-2022 11:42:18.549974] [  1.2%] on_finalize: 44.88 µs (0.14 µs, 2000 calls)
[27-07-2022 11:42:18.549994] [  1.6%] update selection of a group of particles in a region: 61.50 µs (0.27 µs, 2001 calls)
[27-07-2022 11:42:18.550001] [  1.8%] first half-step of velocity-Verlet: 68.320 µs (0.043 µs, 2000 calls)
[27-07-2022 11:42:18.550009] [  1.8%] on_integrate: 69.255 µs (0.05 µs, 2000 calls)
[27-07-2022 11:42:18.550016] [  2.7%] evaluation of observables: 103 µs (95 µs, 2000 calls)
[27-07-2022 11:42:18.550024] [  6.9%] cell lists update (all): 2.2542 ms (0.0027 ms, 231 calls)
[27-07-2022 11:42:18.550031] [ 10.3%] rearrange particles by permutation (all): 3.3626 ms (0.0058 ms, 231 calls)
[27-07-2022 11:42:18.550038] [ 17.6%] order particles along Hilbert curve (all): 5.760 ms (0.013 ms, 231 calls)
[27-07-2022 11:42:18.550068] [ 24.5%] update of neighbour lists (all ← all): 8.036 ms (0.045 ms, 231 calls)
[27-07-2022 11:42:18.550088] [ 42.4%] computation of smooth_r4 Lennard-Jones potential: 1.6055 ms (0.0014 ms, 2000 calls)
[27-07-2022 11:42:18.550111] [ 94.2%] on_prepend_finalize: 3.57 ms (0.12 ms, 2000 calls)
[27-07-2022 11:42:18.550120] [ 97.3%] MD integration step: 3.68 ms (0.12 ms, 2000 calls)
[27-07-2022 11:42:18.550128] [100.0%] total simulation runtime: 7.574 s
[27-07-2022 11:42:18.611827] HALMD exit
