[27-07-2022 10:31:58.695935] HALMD (HAL’s MD package) 1.0-alpha6-patch193 [AdResS-branch commit 36e879ed8]
[27-07-2022 10:31:58.696041] variant: +GPU +GPU_SINGLE_PRECISION +GPU_DOUBLE_SINGLE_PRECISION +FORCE_DSFUN
[27-07-2022 10:31:58.696054] built with GNU 8.3.0 and NVCC 9.2 for Lua 5.1.4
[27-07-2022 10:31:58.696062] command line: halmd initial.lua -v --input obstacle_slab15_D15.h5 --slab 0.15
[27-07-2022 10:31:58.696069] host name: merciful.imp.fu-berlin.de
[27-07-2022 10:31:58.698463] profiler timer resolution: 1 ns
[27-07-2022 10:31:58.698916] read from H5MD file: /srv/public/bottinelli/tecla/test_obstacle/obstacle_slab15_D15.h5
[27-07-2022 10:31:58.713060] reading /particles/pore/position at step 0
[27-07-2022 10:31:58.716277] edge lengths of simulation domain: 100 30 30
[27-07-2022 10:31:58.721855] number of particles: 92736
[27-07-2022 10:31:58.721884] number of particle species: 2
[27-07-2022 10:31:58.726802] number of particles: 20736
[27-07-2022 10:31:58.726836] number of particle species: 1
[27-07-2022 10:31:58.759534] lattice: restrict initial particle positions to slab: 0.6 1 1
[27-07-2022 10:31:58.759618] lattice: placing particles on fcc lattice: a = 1.30435
[27-07-2022 10:31:58.759630] [WARNING] lattice: lattice not fully occupied (97336 sites)
[27-07-2022 10:31:58.809980] random (GPU): random number generator type: rand48
[27-07-2022 10:31:58.810110] random (GPU): set RNG seed: 1634966553
[27-07-2022 10:31:58.810351] boltzmann (all): temperature of Boltzmann distribution: 1
[27-07-2022 10:31:58.899716] lennard_jones: potential well depths: ε = [2,2]((1,1),(1,1))
[27-07-2022 10:31:58.899783] lennard_jones: potential core width: σ = [2,2]((1,1),(1,1))
[27-07-2022 10:31:58.904557] potential cutoff length: r_c = [2,2]((2.5,2.5),(2.5,2.5))
[27-07-2022 10:31:58.904580] potential cutoff energy: U = [2,2]((-0.0163169,-0.0163169),(-0.0163169,-0.0163169))
[27-07-2022 10:31:58.924760] binning (all): initial cell occupancy: 0.5
[27-07-2022 10:31:58.924800] binning (all): neighbour list skin: 0.5
[27-07-2022 10:31:58.924813] binning (all): number of cells per dimension: 33 10 10
[27-07-2022 10:31:58.924822] binning (all): edge lengths of cells: 3.0303 3 3
[27-07-2022 10:31:58.924835] binning (all): number of placeholders per cell: 64
[27-07-2022 10:31:58.924844] binning (all): average cell occupancy: 0.439091
[27-07-2022 10:31:58.925910] neighbour (all ← all): neighbour list skin: 0.5
[27-07-2022 10:31:58.925937] neighbour (all ← all): number of placeholders per neighbour list: 292
[27-07-2022 10:31:58.925979] Hilbert sort (all): vertex recursion depth: 7
[27-07-2022 10:31:58.932188] integration time step: 0.005
[27-07-2022 10:31:58.932452] verlet_nvt_andersen: temperature of heat bath: 1
[27-07-2022 10:31:58.932477] verlet_nvt_andersen: collision rate with heat bath: 10
[27-07-2022 10:31:58.935825] write to H5MD file: /srv/public/bottinelli/tecla/test_obstacle/pore_result.h5
[27-07-2022 10:31:59.133968] wavevector: construct dense grid of wavevectors
[27-07-2022 10:31:59.134023] wavevector: maximum wavenumber: 12.6292
[27-07-2022 10:31:59.134039] wavevector: apply filter on wavevectors: 1 0 0
[27-07-2022 10:31:59.137164] starting simulation run over 2000 integration steps
[27-07-2022 10:32:05.280917] finished simulation run
[27-07-2022 10:32:05.280993] [  0.0%] finishing simulation: 229.000 ns
[27-07-2022 10:32:05.281014] [  0.0%] start-up of simulation: 693.000 ns
[27-07-2022 10:32:05.281022] [  0.0%] setting particle positions on lattice: 125.274 µs
[27-07-2022 10:32:05.281030] [  0.0%] preparation for integration step: 67.63 ns (0.3 ns, 2000 calls)
[27-07-2022 10:32:05.281040] [  0.0%] on_append_integrate: 86.75 ns (0.41 ns, 2000 calls)
[27-07-2022 10:32:05.281049] [  0.0%] on_append_finalize: 101.3 ns (6.3 ns, 2000 calls)
[27-07-2022 10:32:05.281058] [  0.0%] map particles to Hilbert curve (all): 7.225 µs (0.05 µs, 211 calls)
[27-07-2022 10:32:05.281066] [  0.0%] computation of smooth_r4 Lennard-Jones potential and auxiliary variables: 2.059 ms
[27-07-2022 10:32:05.281074] [  0.0%] zero maximum displacement (all): 5.698 µs (0.073 µs, 422 calls)
[27-07-2022 10:32:05.281085] [  0.1%] on_prepend_integrate: 1.703 µs (0.09 µs, 2000 calls)
[27-07-2022 10:32:05.281096] [  0.2%] computation of density modes for allfluid particles: 2.480 ms (0.024 ms, 6 calls)
[27-07-2022 10:32:05.281104] [  1.4%] compute maximum displacement (all): 41.59 µs (0.14 µs, 2000 calls)
[27-07-2022 10:32:05.281114] [  1.6%] second half-step of velocity-Verlet (+ Andersen thermostat): 50.62 µs (0.2 µs, 2000 calls)
[27-07-2022 10:32:05.281138] [  1.7%] on_finalize: 51.82 µs (0.2 µs, 2000 calls)
[27-07-2022 10:32:05.281146] [  1.8%] update selection of a group of particles in a region: 55.02 µs (0.35 µs, 2001 calls)
[27-07-2022 10:32:05.281167] [  2.6%] first half-step of velocity-Verlet: 79.934 µs (0.09 µs, 2000 calls)
[27-07-2022 10:32:05.281190] [  2.6%] on_integrate: 80.842 µs (0.093 µs, 2000 calls)
[27-07-2022 10:32:05.281198] [  2.8%] evaluation of observables: 87 µs (78 µs, 2000 calls)
[27-07-2022 10:32:05.281219] [  6.8%] cell lists update (all): 1.9787 ms (0.0054 ms, 211 calls)
[27-07-2022 10:32:05.281243] [  9.7%] rearrange particles by permutation (all): 2.814 ms (0.016 ms, 211 calls)
[27-07-2022 10:32:05.281251] [ 16.9%] order particles along Hilbert curve (all): 4.911 ms (0.026 ms, 211 calls)
[27-07-2022 10:32:05.281271] [ 23.6%] update of neighbour lists (all ← all): 6.877 ms (0.037 ms, 211 calls)
[27-07-2022 10:32:05.281293] [ 42.2%] computation of smooth_r4 Lennard-Jones potential: 1.2958 ms (0.0013 ms, 2000 calls)
[27-07-2022 10:32:05.281313] [ 92.8%] on_prepend_finalize: 2.849 ms (0.095 ms, 2000 calls)
[27-07-2022 10:32:05.281335] [ 97.2%] MD integration step: 2.984 ms (0.095 ms, 2000 calls)
[27-07-2022 10:32:05.281355] [100.0%] total simulation runtime: 6.144 s
[27-07-2022 10:32:05.336741] HALMD exit
