[27-07-2022 09:50:48.791247] HALMD (HAL’s MD package) 1.0-alpha6-patch193 [AdResS-branch commit 36e879ed8]
[27-07-2022 09:50:48.791358] variant: +GPU +GPU_SINGLE_PRECISION +GPU_DOUBLE_SINGLE_PRECISION +FORCE_DSFUN
[27-07-2022 09:50:48.791369] built with GNU 8.3.0 and NVCC 9.2 for Lua 5.1.4
[27-07-2022 09:50:48.791376] command line: halmd initial.lua -v --input obstacle_slab30_D15.h5 --slab 0.3 --particles 60000
[27-07-2022 09:50:48.791383] host name: merciful.imp.fu-berlin.de
[27-07-2022 09:50:48.793614] profiler timer resolution: 1 ns
[27-07-2022 09:50:48.794019] read from H5MD file: /srv/public/bottinelli/tecla/test_obstacle/obstacle_slab30_D15.h5
[27-07-2022 09:50:48.809285] reading /particles/pore/position at step 0
[27-07-2022 09:50:48.812990] edge lengths of simulation domain: 100 30 30
[27-07-2022 09:50:48.820786] number of particles: 101472
[27-07-2022 09:50:48.820826] number of particle species: 2
[27-07-2022 09:50:48.825397] number of particles: 41472
[27-07-2022 09:50:48.825420] number of particle species: 1
[27-07-2022 09:50:48.869501] lattice: restrict initial particle positions to slab: 0.6 1 1
[27-07-2022 09:50:48.869599] lattice: placing particles on fcc lattice: a = 1.25
[27-07-2022 09:50:48.869614] [WARNING] lattice: lattice not fully occupied (110592 sites)
[27-07-2022 09:50:48.921577] random (GPU): random number generator type: rand48
[27-07-2022 09:50:48.921614] random (GPU): set RNG seed: 279349935
[27-07-2022 09:50:48.921863] boltzmann (all): temperature of Boltzmann distribution: 1
[27-07-2022 09:50:49.022809] lennard_jones: potential well depths: ε = [2,2]((1,1),(1,1))
[27-07-2022 09:50:49.022944] lennard_jones: potential core width: σ = [2,2]((1,1),(1,1))
[27-07-2022 09:50:49.027653] potential cutoff length: r_c = [2,2]((2.5,2.5),(2.5,2.5))
[27-07-2022 09:50:49.027678] potential cutoff energy: U = [2,2]((-0.0163169,-0.0163169),(-0.0163169,-0.0163169))
[27-07-2022 09:50:49.046279] binning (all): initial cell occupancy: 0.5
[27-07-2022 09:50:49.046322] binning (all): neighbour list skin: 0.5
[27-07-2022 09:50:49.046335] binning (all): number of cells per dimension: 33 10 10
[27-07-2022 09:50:49.046346] binning (all): edge lengths of cells: 3.0303 3 3
[27-07-2022 09:50:49.046380] binning (all): number of placeholders per cell: 64
[27-07-2022 09:50:49.046399] binning (all): average cell occupancy: 0.480455
[27-07-2022 09:50:49.047194] neighbour (all ← all): neighbour list skin: 0.5
[27-07-2022 09:50:49.047229] neighbour (all ← all): number of placeholders per neighbour list: 319
[27-07-2022 09:50:49.047278] Hilbert sort (all): vertex recursion depth: 7
[27-07-2022 09:50:49.053325] integration time step: 0.005
[27-07-2022 09:50:49.053571] verlet_nvt_andersen: temperature of heat bath: 1
[27-07-2022 09:50:49.053594] verlet_nvt_andersen: collision rate with heat bath: 10
[27-07-2022 09:50:49.055868] [WARNING] overwrite existing file "pore_result.h5"
[27-07-2022 09:50:49.056866] write to H5MD file: /srv/public/bottinelli/tecla/test_obstacle/pore_result.h5
[27-07-2022 09:50:49.278651] wavevector: construct dense grid of wavevectors
[27-07-2022 09:50:49.278684] wavevector: maximum wavenumber: 12.6292
[27-07-2022 09:50:49.278700] wavevector: apply filter on wavevectors: 1 0 0
[27-07-2022 09:50:49.281861] starting simulation run over 2000 integration steps
[27-07-2022 09:50:57.276935] finished simulation run
[27-07-2022 09:50:57.276995] [  0.0%] finishing simulation: 203.000 ns
[27-07-2022 09:50:57.277015] [  0.0%] start-up of simulation: 580.000 ns
[27-07-2022 09:50:57.277023] [  0.0%] preparation for integration step: 70.47 ns (0.32 ns, 2000 calls)
[27-07-2022 09:50:57.277034] [  0.0%] setting particle positions on lattice: 144.995 µs
[27-07-2022 09:50:57.277041] [  0.0%] on_append_finalize: 93.72 ns (0.56 ns, 2000 calls)
[27-07-2022 09:50:57.277051] [  0.0%] on_append_integrate: 113.4 ns (7.2 ns, 2000 calls)
[27-07-2022 09:50:57.277059] [  0.0%] map particles to Hilbert curve (all): 11.01 µs (0.34 µs, 225 calls)
[27-07-2022 09:50:57.277067] [  0.0%] computation of smooth_r4 Lennard-Jones potential and auxiliary variables: 2.613 ms
[27-07-2022 09:50:57.277077] [  0.1%] zero maximum displacement (all): 8.98 µs (0.24 µs, 450 calls)
[27-07-2022 09:50:57.277085] [  0.1%] on_prepend_integrate: 2.18 µs (0.1 µs, 2000 calls)
[27-07-2022 09:50:57.277115] [  0.2%] computation of density modes for allfluid particles: 2.100 ms (0.012 ms, 6 calls)
[27-07-2022 09:50:57.277137] [  2.3%] second half-step of velocity-Verlet (+ Andersen thermostat): 92.53 µs (0.48 µs, 2000 calls)
[27-07-2022 09:50:57.277160] [  2.4%] on_finalize: 94.05 µs (0.48 µs, 2000 calls)
[27-07-2022 09:50:57.277180] [  2.4%] compute maximum displacement (all): 95.16 µs (0.4 µs, 2000 calls)
[27-07-2022 09:50:57.277202] [  2.6%] evaluation of observables: 104 µs (95 µs, 2000 calls)
[27-07-2022 09:50:57.277224] [  3.0%] first half-step of velocity-Verlet: 119.34 µs (0.39 µs, 2000 calls)
[27-07-2022 09:50:57.277232] [  3.0%] on_integrate: 120.46 µs (0.39 µs, 2000 calls)
[27-07-2022 09:50:57.277240] [  3.1%] update selection of a group of particles in a region: 122.96 µs (0.76 µs, 2001 calls)
[27-07-2022 09:50:57.277247] [  7.0%] cell lists update (all): 2.481 ms (0.025 ms, 225 calls)
[27-07-2022 09:50:57.277276] [  9.6%] rearrange particles by permutation (all): 3.409 ms (0.024 ms, 225 calls)
[27-07-2022 09:50:57.277284] [ 16.8%] order particles along Hilbert curve (all): 5.967 ms (0.03 ms, 225 calls)
[27-07-2022 09:50:57.277305] [ 24.3%] update of neighbour lists (all ← all): 8.630 ms (0.054 ms, 225 calls)
[27-07-2022 09:50:57.277313] [ 38.3%] computation of smooth_r4 Lennard-Jones potential: 1.5300 ms (0.002 ms, 2000 calls)
[27-07-2022 09:50:57.277321] [ 92.0%] on_prepend_finalize: 3.68 ms (0.12 ms, 2000 calls)
[27-07-2022 09:50:57.277328] [ 97.4%] MD integration step: 3.89 ms (0.12 ms, 2000 calls)
[27-07-2022 09:50:57.277335] [100.0%] total simulation runtime: 7.995 s
[27-07-2022 09:50:57.341401] HALMD exit
