[27-07-2022 10:34:04.633807] HALMD (HAL’s MD package) 1.0-alpha6-patch193 [AdResS-branch commit 36e879ed8]
[27-07-2022 10:34:04.633916] variant: +GPU +GPU_SINGLE_PRECISION +GPU_DOUBLE_SINGLE_PRECISION +FORCE_DSFUN
[27-07-2022 10:34:04.633929] built with GNU 8.3.0 and NVCC 9.2 for Lua 5.1.4
[27-07-2022 10:34:04.633936] command line: halmd second_step.lua -v --input pore_result15_D15.h5
[27-07-2022 10:34:04.633943] host name: merciful.imp.fu-berlin.de
[27-07-2022 10:34:04.636219] profiler timer resolution: 1 ns
[27-07-2022 10:34:04.636746] read from H5MD file: /srv/public/bottinelli/tecla/test_obstacle/pore_result15_D15.h5
[27-07-2022 10:34:04.649778] reading /particles/all/position at step 2000
[27-07-2022 10:34:04.656980] reading /particles/all/velocity at step 2000
[27-07-2022 10:34:04.661970] reading /particles/all/species at step 2000
[27-07-2022 10:34:04.662688] reading /particles/all/mass at step 2000
[27-07-2022 10:34:04.666266] reading box specification from /particles/all
[27-07-2022 10:34:04.666565] edge lengths of simulation domain: 100 30 30
[27-07-2022 10:34:04.671619] number of particles: 92736
[27-07-2022 10:34:04.671641] number of particle species: 2
[27-07-2022 10:34:04.708795] lennard_jones: potential well depths: ε = [2,2]((1,1),(1,0))
[27-07-2022 10:34:04.708845] lennard_jones: potential core width: σ = [2,2]((1,1.5),(1.5,2))
[27-07-2022 10:34:04.713488] potential cutoff length: r_c = [2,2]((2.5,1.12246),(1.12246,1.12246))
[27-07-2022 10:34:04.713515] potential cutoff energy: U = [2,2]((-0.0163169,-1),(-1,-0))
[27-07-2022 10:34:04.732087] binning (all): initial cell occupancy: 0.5
[27-07-2022 10:34:04.732123] binning (all): neighbour list skin: 0.5
[27-07-2022 10:34:04.732135] binning (all): number of cells per dimension: 33 10 10
[27-07-2022 10:34:04.732145] binning (all): edge lengths of cells: 3.0303 3 3
[27-07-2022 10:34:04.732155] binning (all): number of placeholders per cell: 64
[27-07-2022 10:34:04.732163] binning (all): average cell occupancy: 0.439091
[27-07-2022 10:34:04.733233] neighbour (all ← all): neighbour list skin: 0.5
[27-07-2022 10:34:04.733259] neighbour (all ← all): number of placeholders per neighbour list: 292
[27-07-2022 10:34:04.733304] Hilbert sort (all): vertex recursion depth: 7
[27-07-2022 10:34:04.733604] Closing H5MD file pore_result15_D15.h5
[27-07-2022 10:34:04.738236] integration time step: 0.002
[27-07-2022 10:34:04.738304] random (GPU): random number generator type: rand48
[27-07-2022 10:34:04.738323] random (GPU): set RNG seed: 2523681679
[27-07-2022 10:34:04.738774] verlet_nvt_boltzmann: temperature of Boltzmann distribution: 1
[27-07-2022 10:34:04.738812] verlet_nvt_boltzmann: coupling interval: 63 steps
[27-07-2022 10:34:04.738825] verlet_nvt_boltzmann: coupling rate: 7.93651 per unit time
[27-07-2022 10:34:04.741274] integration time step: 0.002
[27-07-2022 10:34:04.744466] write to H5MD file: /srv/public/bottinelli/tecla/test_obstacle/result_out_20220727_103404
[27-07-2022 10:34:04.750007] starting simulation run over 250000 integration steps
[27-07-2022 10:34:14.012506] 35.0 min estimated remaining runtime at step 2194
[27-07-2022 10:43:26.386361] finished simulation run
[27-07-2022 10:43:26.435067] wavevector: construct dense grid of wavevectors
[27-07-2022 10:43:26.435118] wavevector: maximum wavenumber: 12.6292
[27-07-2022 10:43:26.435132] wavevector: apply filter on wavevectors: 1 0 0
[27-07-2022 10:43:26.455901] starting simulation run over 250000 integration steps
[27-07-2022 10:49:14.003666] 6.1 min estimated remaining runtime at step 371623
[27-07-2022 10:55:21.855861] finished simulation run
[27-07-2022 10:55:21.856067] [  0.0%] finishing simulation: 180.0 ns (3 ns, 2 calls)
[27-07-2022 10:55:21.856091] [  0.0%] start-up of simulation: 504 ns (51 ns, 2 calls)
[27-07-2022 10:55:21.856114] [  0.0%] compute virial: 42.719 µs (0.071 µs, 833 calls)
[27-07-2022 10:55:21.856124] [  0.0%] compute virial: 42.806 µs (0.08 µs, 833 calls)
[27-07-2022 10:55:21.856132] [  0.0%] compute virial: 42.825 µs (0.075 µs, 833 calls)
[27-07-2022 10:55:21.856140] [  0.0%] compute virial: 42.831 µs (0.081 µs, 833 calls)
[27-07-2022 10:55:21.856155] [  0.0%] compute virial: 42.836 µs (0.084 µs, 833 calls)
[27-07-2022 10:55:21.856163] [  0.0%] compute virial: 42.840 µs (0.08 µs, 833 calls)
[27-07-2022 10:55:21.856170] [  0.0%] compute virial: 42.854 µs (0.093 µs, 833 calls)
[27-07-2022 10:55:21.856178] [  0.0%] compute virial: 42.870 µs (0.069 µs, 833 calls)
[27-07-2022 10:55:21.856186] [  0.0%] compute virial: 42.877 µs (0.083 µs, 833 calls)
[27-07-2022 10:55:21.856193] [  0.0%] compute virial: 42.884 µs (0.083 µs, 833 calls)
[27-07-2022 10:55:21.856200] [  0.0%] compute virial: 42.889 µs (0.097 µs, 833 calls)
[27-07-2022 10:55:21.856207] [  0.0%] compute virial: 42.891 µs (0.087 µs, 833 calls)
[27-07-2022 10:55:21.856214] [  0.0%] compute virial: 42.907 µs (0.095 µs, 833 calls)
[27-07-2022 10:55:21.856221] [  0.0%] compute virial: 42.912 µs (0.072 µs, 833 calls)
[27-07-2022 10:55:21.856228] [  0.0%] compute virial: 42.917 µs (0.091 µs, 833 calls)
[27-07-2022 10:55:21.856235] [  0.0%] compute virial: 42.932 µs (0.097 µs, 833 calls)
[27-07-2022 10:55:21.856243] [  0.0%] compute virial: 42.962 µs (0.094 µs, 833 calls)
[27-07-2022 10:55:21.856251] [  0.0%] compute virial: 42.972 µs (0.091 µs, 833 calls)
[27-07-2022 10:55:21.856258] [  0.0%] compute virial: 42.99 µs (0.16 µs, 833 calls)
[27-07-2022 10:55:21.856265] [  0.0%] compute virial: 43.024 µs (0.091 µs, 833 calls)
[27-07-2022 10:55:21.856272] [  0.0%] compute virial: 43.032 µs (0.082 µs, 833 calls)
[27-07-2022 10:55:21.856279] [  0.0%] compute virial: 43.033 µs (0.09 µs, 833 calls)
[27-07-2022 10:55:21.856286] [  0.0%] compute virial: 43.039 µs (0.09 µs, 833 calls)
[27-07-2022 10:55:21.856293] [  0.0%] compute virial: 43.04 µs (0.15 µs, 833 calls)
[27-07-2022 10:55:21.856301] [  0.0%] compute virial: 43.06 µs (0.1 µs, 833 calls)
[27-07-2022 10:55:21.856309] [  0.0%] compute virial: 43.07 µs (0.11 µs, 833 calls)
[27-07-2022 10:55:21.856317] [  0.0%] compute virial: 43.071 µs (0.088 µs, 833 calls)
[27-07-2022 10:55:21.856325] [  0.0%] compute virial: 43.084 µs (0.079 µs, 833 calls)
[27-07-2022 10:55:21.856356] [  0.0%] compute virial: 43.090 µs (0.092 µs, 833 calls)
[27-07-2022 10:55:21.856376] [  0.0%] compute virial: 43.11 µs (0.11 µs, 833 calls)
[27-07-2022 10:55:21.856399] [  0.0%] compute virial: 43.12 µs (0.16 µs, 833 calls)
[27-07-2022 10:55:21.856407] [  0.0%] compute virial: 43.16 µs (0.2 µs, 833 calls)
[27-07-2022 10:55:21.856429] [  0.0%] compute virial: 43.18 µs (0.13 µs, 833 calls)
[27-07-2022 10:55:21.856452] [  0.0%] compute virial: 43.186 µs (0.088 µs, 833 calls)
[27-07-2022 10:55:21.856472] [  0.0%] compute virial: 43.27 µs (0.11 µs, 833 calls)
[27-07-2022 10:55:21.856481] [  0.0%] compute virial: 43.294 µs (0.098 µs, 833 calls)
[27-07-2022 10:55:21.856504] [  0.0%] compute virial: 43.45 µs (0.11 µs, 833 calls)
[27-07-2022 10:55:21.856513] [  0.0%] compute virial: 43.458 µs (0.1 µs, 833 calls)
[27-07-2022 10:55:21.856533] [  0.0%] compute virial: 43.79 µs (0.1 µs, 833 calls)
[27-07-2022 10:55:21.856556] [  0.0%] compute kinetic-energy: 45.717 µs (0.059 µs, 833 calls)
[27-07-2022 10:55:21.856565] [  0.0%] compute kinetic-energy: 45.720 µs (0.084 µs, 833 calls)
[27-07-2022 10:55:21.856586] [  0.0%] compute kinetic-energy: 45.73 µs (0.1 µs, 833 calls)
[27-07-2022 10:55:21.856608] [  0.0%] compute kinetic-energy: 45.758 µs (0.081 µs, 833 calls)
[27-07-2022 10:55:21.856617] [  0.0%] compute kinetic-energy: 45.784 µs (0.068 µs, 833 calls)
[27-07-2022 10:55:21.856638] [  0.0%] compute kinetic-energy: 45.798 µs (0.08 µs, 833 calls)
[27-07-2022 10:55:21.856661] [  0.0%] compute kinetic-energy: 45.799 µs (0.095 µs, 833 calls)
[27-07-2022 10:55:21.856669] [  0.0%] compute kinetic-energy: 45.80 µs (0.13 µs, 833 calls)
[27-07-2022 10:55:21.856678] [  0.0%] compute kinetic-energy: 45.833 µs (0.092 µs, 833 calls)
[27-07-2022 10:55:21.856687] [  0.0%] compute kinetic-energy: 45.841 µs (0.087 µs, 833 calls)
[27-07-2022 10:55:21.856695] [  0.0%] compute kinetic-energy: 45.84 µs (0.11 µs, 833 calls)
[27-07-2022 10:55:21.856707] [  0.0%] compute kinetic-energy: 45.853 µs (0.086 µs, 833 calls)
[27-07-2022 10:55:21.856717] [  0.0%] compute kinetic-energy: 45.856 µs (0.083 µs, 833 calls)
[27-07-2022 10:55:21.856725] [  0.0%] compute kinetic-energy: 45.876 µs (0.094 µs, 833 calls)
[27-07-2022 10:55:21.856734] [  0.0%] compute kinetic-energy: 45.885 µs (0.094 µs, 833 calls)
[27-07-2022 10:55:21.856743] [  0.0%] compute kinetic-energy: 45.89 µs (0.16 µs, 833 calls)
[27-07-2022 10:55:21.856751] [  0.0%] compute kinetic-energy: 45.911 µs (0.099 µs, 833 calls)
[27-07-2022 10:55:21.856760] [  0.0%] compute kinetic-energy: 45.920 µs (0.096 µs, 833 calls)
[27-07-2022 10:55:21.856769] [  0.0%] compute kinetic-energy: 45.926 µs (0.091 µs, 833 calls)
[27-07-2022 10:55:21.856777] [  0.0%] compute kinetic-energy: 45.927 µs (0.073 µs, 833 calls)
[27-07-2022 10:55:21.856786] [  0.0%] compute kinetic-energy: 45.932 µs (0.088 µs, 833 calls)
[27-07-2022 10:55:21.856794] [  0.0%] compute kinetic-energy: 45.96 µs (0.17 µs, 833 calls)
[27-07-2022 10:55:21.856803] [  0.0%] compute kinetic-energy: 45.971 µs (0.079 µs, 833 calls)
[27-07-2022 10:55:21.856812] [  0.0%] compute kinetic-energy: 45.98 µs (0.1 µs, 833 calls)
[27-07-2022 10:55:21.856821] [  0.0%] compute kinetic-energy: 45.984 µs (0.084 µs, 833 calls)
[27-07-2022 10:55:21.856830] [  0.0%] compute kinetic-energy: 45.987 µs (0.097 µs, 833 calls)
[27-07-2022 10:55:21.856838] [  0.0%] compute kinetic-energy: 46.005 µs (0.079 µs, 833 calls)
[27-07-2022 10:55:21.856846] [  0.0%] compute kinetic-energy: 46.011 µs (0.083 µs, 833 calls)
[27-07-2022 10:55:21.856855] [  0.0%] compute kinetic-energy: 46.018 µs (0.083 µs, 833 calls)
[27-07-2022 10:55:21.856864] [  0.0%] compute kinetic-energy: 46.058 µs (0.082 µs, 833 calls)
[27-07-2022 10:55:21.856872] [  0.0%] compute kinetic-energy: 46.07 µs (0.17 µs, 833 calls)
[27-07-2022 10:55:21.856881] [  0.0%] compute kinetic-energy: 46.08 µs (0.13 µs, 833 calls)
[27-07-2022 10:55:21.856889] [  0.0%] compute kinetic-energy: 46.09 µs (0.17 µs, 833 calls)
[27-07-2022 10:55:21.856898] [  0.0%] compute kinetic-energy: 46.094 µs (0.1 µs, 833 calls)
[27-07-2022 10:55:21.856907] [  0.0%] compute kinetic-energy: 46.10 µs (0.16 µs, 833 calls)
[27-07-2022 10:55:21.856915] [  0.0%] compute kinetic-energy: 46.16 µs (0.16 µs, 833 calls)
[27-07-2022 10:55:21.856923] [  0.0%] compute centre-of-mass velocity: 46.158 µs (0.077 µs, 833 calls)
[27-07-2022 10:55:21.856932] [  0.0%] compute centre-of-mass velocity: 46.163 µs (0.072 µs, 833 calls)
[27-07-2022 10:55:21.856941] [  0.0%] compute centre-of-mass velocity: 46.172 µs (0.091 µs, 833 calls)
[27-07-2022 10:55:21.856950] [  0.0%] compute kinetic-energy: 46.19 µs (0.19 µs, 833 calls)
[27-07-2022 10:55:21.856959] [  0.0%] compute centre-of-mass velocity: 46.224 µs (0.073 µs, 833 calls)
[27-07-2022 10:55:21.856968] [  0.0%] compute centre-of-mass velocity: 46.230 µs (0.075 µs, 833 calls)
[27-07-2022 10:55:21.856977] [  0.0%] compute centre-of-mass velocity: 46.231 µs (0.072 µs, 833 calls)
[27-07-2022 10:55:21.856985] [  0.0%] compute centre-of-mass velocity: 46.242 µs (0.089 µs, 833 calls)
[27-07-2022 10:55:21.856994] [  0.0%] compute centre-of-mass velocity: 46.254 µs (0.083 µs, 833 calls)
[27-07-2022 10:55:21.857002] [  0.0%] compute kinetic-energy: 46.27 µs (0.11 µs, 833 calls)
[27-07-2022 10:55:21.857011] [  0.0%] compute centre-of-mass velocity: 46.269 µs (0.08 µs, 833 calls)
[27-07-2022 10:55:21.857020] [  0.0%] compute centre-of-mass velocity: 46.287 µs (0.09 µs, 833 calls)
[27-07-2022 10:55:21.857029] [  0.0%] compute centre-of-mass velocity: 46.312 µs (0.091 µs, 833 calls)
[27-07-2022 10:55:21.857038] [  0.0%] compute centre-of-mass velocity: 46.31 µs (0.1 µs, 833 calls)
[27-07-2022 10:55:21.857047] [  0.0%] compute centre-of-mass velocity: 46.315 µs (0.079 µs, 833 calls)
[27-07-2022 10:55:21.857055] [  0.0%] compute centre-of-mass velocity: 46.34 µs (0.15 µs, 833 calls)
[27-07-2022 10:55:21.857066] [  0.0%] compute centre-of-mass velocity: 46.347 µs (0.099 µs, 833 calls)
[27-07-2022 10:55:21.857075] [  0.0%] compute centre-of-mass velocity: 46.354 µs (0.084 µs, 833 calls)
[27-07-2022 10:55:21.857084] [  0.0%] compute centre-of-mass velocity: 46.356 µs (0.081 µs, 833 calls)
[27-07-2022 10:55:21.857092] [  0.0%] compute centre-of-mass velocity: 46.357 µs (0.087 µs, 833 calls)
[27-07-2022 10:55:21.857101] [  0.0%] compute centre-of-mass velocity: 46.361 µs (0.094 µs, 833 calls)
[27-07-2022 10:55:21.857110] [  0.0%] compute centre-of-mass velocity: 46.364 µs (0.09 µs, 833 calls)
[27-07-2022 10:55:21.857118] [  0.0%] compute centre-of-mass velocity: 46.381 µs (0.079 µs, 833 calls)
[27-07-2022 10:55:21.857127] [  0.0%] compute centre-of-mass velocity: 46.385 µs (0.091 µs, 833 calls)
[27-07-2022 10:55:21.857136] [  0.0%] compute centre-of-mass velocity: 46.387 µs (0.087 µs, 833 calls)
[27-07-2022 10:55:21.857144] [  0.0%] compute centre-of-mass velocity: 46.40 µs (0.1 µs, 833 calls)
[27-07-2022 10:55:21.857153] [  0.0%] compute centre-of-mass velocity: 46.400 µs (0.082 µs, 833 calls)
[27-07-2022 10:55:21.857162] [  0.0%] compute centre-of-mass velocity: 46.42 µs (0.11 µs, 833 calls)
[27-07-2022 10:55:21.857170] [  0.0%] compute centre-of-mass velocity: 46.457 µs (0.079 µs, 833 calls)
[27-07-2022 10:55:21.857179] [  0.0%] compute centre-of-mass velocity: 46.458 µs (0.095 µs, 833 calls)
[27-07-2022 10:55:21.857187] [  0.0%] compute centre-of-mass velocity: 46.47 µs (0.16 µs, 833 calls)
[27-07-2022 10:55:21.857196] [  0.0%] compute centre-of-mass velocity: 46.53 µs (0.11 µs, 833 calls)
[27-07-2022 10:55:21.857205] [  0.0%] compute centre-of-mass velocity: 46.54 µs (0.12 µs, 833 calls)
[27-07-2022 10:55:21.857213] [  0.0%] compute centre-of-mass velocity: 46.57 µs (0.11 µs, 833 calls)
[27-07-2022 10:55:21.857222] [  0.0%] compute kinetic-energy: 46.648 µs (0.098 µs, 833 calls)
[27-07-2022 10:55:21.857231] [  0.0%] compute centre-of-mass velocity: 46.663 µs (0.09 µs, 833 calls)
[27-07-2022 10:55:21.857239] [  0.0%] compute centre-of-mass velocity: 46.678 µs (0.094 µs, 833 calls)
[27-07-2022 10:55:21.857248] [  0.0%] compute centre-of-mass velocity: 46.700 µs (0.088 µs, 833 calls)
[27-07-2022 10:55:21.857257] [  0.0%] compute centre-of-mass velocity: 46.71 µs (0.12 µs, 833 calls)
[27-07-2022 10:55:21.857266] [  0.0%] compute centre-of-mass velocity: 46.82 µs (0.41 µs, 833 calls)
[27-07-2022 10:55:21.857274] [  0.0%] compute centre-of-mass velocity: 46.903 µs (0.092 µs, 833 calls)
[27-07-2022 10:55:21.857282] [  0.0%] compute centre-of-mass velocity: 47.013 µs (0.084 µs, 833 calls)
[27-07-2022 10:55:21.857289] [  0.0%] compute virial: 47.67 µs (0.11 µs, 833 calls)
[27-07-2022 10:55:21.857296] [  0.0%] update selection of a group of particles in a region: 49.36 µs (0.15 µs, 833 calls)
[27-07-2022 10:55:21.857303] [  0.0%] update selection of a group of particles in a region: 49.44 µs (0.14 µs, 833 calls)
[27-07-2022 10:55:21.857312] [  0.0%] compute centre-of-mass velocity: 49.455 µs (0.08 µs, 833 calls)
[27-07-2022 10:55:21.857320] [  0.0%] compute heat_flux: 49.968 µs (0.085 µs, 833 calls)
[27-07-2022 10:55:21.857329] [  0.0%] compute heat_flux: 50.025 µs (0.09 µs, 833 calls)
[27-07-2022 10:55:21.857338] [  0.0%] compute heat_flux: 50.056 µs (0.091 µs, 833 calls)
[27-07-2022 10:55:21.857346] [  0.0%] compute heat_flux: 50.064 µs (0.089 µs, 833 calls)
[27-07-2022 10:55:21.857355] [  0.0%] compute heat_flux: 50.067 µs (0.09 µs, 833 calls)
[27-07-2022 10:55:21.857364] [  0.0%] compute heat_flux: 50.077 µs (0.085 µs, 833 calls)
[27-07-2022 10:55:21.857372] [  0.0%] compute heat_flux: 50.108 µs (0.09 µs, 833 calls)
[27-07-2022 10:55:21.857381] [  0.0%] compute heat_flux: 50.130 µs (0.089 µs, 833 calls)
[27-07-2022 10:55:21.857390] [  0.0%] compute heat_flux: 50.130 µs (0.086 µs, 833 calls)
[27-07-2022 10:55:21.857398] [  0.0%] compute heat_flux: 50.14 µs (0.11 µs, 833 calls)
[27-07-2022 10:55:21.857407] [  0.0%] compute heat_flux: 50.141 µs (0.098 µs, 833 calls)
[27-07-2022 10:55:21.857417] [  0.0%] compute heat_flux: 50.14 µs (0.11 µs, 833 calls)
[27-07-2022 10:55:21.857426] [  0.0%] compute heat_flux: 50.17 µs (0.1 µs, 833 calls)
[27-07-2022 10:55:21.857435] [  0.0%] compute heat_flux: 50.167 µs (0.09 µs, 833 calls)
[27-07-2022 10:55:21.857444] [  0.0%] compute heat_flux: 50.18 µs (0.11 µs, 833 calls)
[27-07-2022 10:55:21.857453] [  0.0%] compute heat_flux: 50.190 µs (0.097 µs, 833 calls)
[27-07-2022 10:55:21.857461] [  0.0%] compute heat_flux: 50.195 µs (0.089 µs, 833 calls)
[27-07-2022 10:55:21.857470] [  0.0%] compute heat_flux: 50.20 µs (0.12 µs, 833 calls)
[27-07-2022 10:55:21.857478] [  0.0%] compute heat_flux: 50.21 µs (0.11 µs, 833 calls)
[27-07-2022 10:55:21.857487] [  0.0%] compute heat_flux: 50.21 µs (0.16 µs, 833 calls)
[27-07-2022 10:55:21.857496] [  0.0%] compute heat_flux: 50.217 µs (0.088 µs, 833 calls)
[27-07-2022 10:55:21.857505] [  0.0%] compute heat_flux: 50.22 µs (0.15 µs, 833 calls)
[27-07-2022 10:55:21.857514] [  0.0%] compute heat_flux: 50.23 µs (0.11 µs, 833 calls)
[27-07-2022 10:55:21.857522] [  0.0%] compute heat_flux: 50.25 µs (0.11 µs, 833 calls)
[27-07-2022 10:55:21.857531] [  0.0%] compute heat_flux: 50.254 µs (0.099 µs, 833 calls)
[27-07-2022 10:55:21.857540] [  0.0%] compute heat_flux: 50.27 µs (0.12 µs, 833 calls)
[27-07-2022 10:55:21.857548] [  0.0%] compute heat_flux: 50.34 µs (0.18 µs, 833 calls)
[27-07-2022 10:55:21.857557] [  0.0%] compute heat_flux: 50.34 µs (0.11 µs, 833 calls)
[27-07-2022 10:55:21.857566] [  0.0%] compute heat_flux: 50.34 µs (0.16 µs, 833 calls)
[27-07-2022 10:55:21.857575] [  0.0%] compute heat_flux: 50.35 µs (0.1 µs, 833 calls)
[27-07-2022 10:55:21.857584] [  0.0%] compute heat_flux: 50.44 µs (0.1 µs, 833 calls)
[27-07-2022 10:55:21.857593] [  0.0%] compute heat_flux: 50.45 µs (0.25 µs, 833 calls)
[27-07-2022 10:55:21.857602] [  0.0%] compute heat_flux: 50.468 µs (0.077 µs, 833 calls)
[27-07-2022 10:55:21.857611] [  0.0%] compute heat_flux: 50.50 µs (0.17 µs, 833 calls)
[27-07-2022 10:55:21.857619] [  0.0%] compute heat_flux: 50.51 µs (0.25 µs, 833 calls)
[27-07-2022 10:55:21.857628] [  0.0%] compute heat_flux: 50.52 µs (0.12 µs, 833 calls)
[27-07-2022 10:55:21.857637] [  0.0%] update selection of a group of particles in a region: 50.52 µs (0.13 µs, 833 calls)
[27-07-2022 10:55:21.857646] [  0.0%] compute heat_flux: 50.594 µs (0.097 µs, 833 calls)
[27-07-2022 10:55:21.857655] [  0.0%] update selection of a group of particles in a region: 50.66 µs (0.16 µs, 833 calls)
[27-07-2022 10:55:21.857664] [  0.0%] update selection of a group of particles in a region: 50.69 µs (0.13 µs, 833 calls)
[27-07-2022 10:55:21.857673] [  0.0%] compute heat_flux: 50.97 µs (0.12 µs, 833 calls)
[27-07-2022 10:55:21.857682] [  0.0%] compute heat_flux: 51.27 µs (0.14 µs, 833 calls)
[27-07-2022 10:55:21.857690] [  0.0%] update selection of a group of particles in a region: 51.40 µs (0.19 µs, 833 calls)
[27-07-2022 10:55:21.857699] [  0.0%] update selection of a group of particles in a region: 52.560 µs (0.045 µs, 833 calls)
[27-07-2022 10:55:21.857708] [  0.0%] update selection of a group of particles in a region: 52.633 µs (0.065 µs, 833 calls)
[27-07-2022 10:55:21.857717] [  0.0%] update selection of a group of particles in a region: 52.648 µs (0.07 µs, 833 calls)
[27-07-2022 10:55:21.857726] [  0.0%] update selection of a group of particles in a region: 52.648 µs (0.062 µs, 833 calls)
[27-07-2022 10:55:21.857735] [  0.0%] update selection of a group of particles in a region: 52.651 µs (0.065 µs, 833 calls)
[27-07-2022 10:55:21.857743] [  0.0%] update selection of a group of particles in a region: 52.664 µs (0.066 µs, 833 calls)
[27-07-2022 10:55:21.857752] [  0.0%] update selection of a group of particles in a region: 52.677 µs (0.06 µs, 833 calls)
[27-07-2022 10:55:21.857761] [  0.0%] update selection of a group of particles in a region: 52.703 µs (0.077 µs, 833 calls)
[27-07-2022 10:55:21.857769] [  0.0%] update selection of a group of particles in a region: 52.710 µs (0.071 µs, 833 calls)
[27-07-2022 10:55:21.857780] [  0.0%] update selection of a group of particles in a region: 52.710 µs (0.073 µs, 833 calls)
[27-07-2022 10:55:21.857789] [  0.0%] update selection of a group of particles in a region: 52.720 µs (0.082 µs, 833 calls)
[27-07-2022 10:55:21.857798] [  0.0%] update selection of a group of particles in a region: 52.746 µs (0.069 µs, 833 calls)
[27-07-2022 10:55:21.857807] [  0.0%] update selection of a group of particles in a region: 52.751 µs (0.087 µs, 833 calls)
[27-07-2022 10:55:21.857815] [  0.0%] update selection of a group of particles in a region: 52.770 µs (0.072 µs, 833 calls)
[27-07-2022 10:55:21.857824] [  0.0%] update selection of a group of particles in a region: 52.822 µs (0.071 µs, 833 calls)
[27-07-2022 10:55:21.857833] [  0.0%] update selection of a group of particles in a region: 52.851 µs (0.078 µs, 833 calls)
[27-07-2022 10:55:21.857842] [  0.0%] update selection of a group of particles in a region: 52.92 µs (0.12 µs, 833 calls)
[27-07-2022 10:55:21.857851] [  0.0%] update selection of a group of particles in a region: 52.95 µs (0.11 µs, 833 calls)
[27-07-2022 10:55:21.857860] [  0.0%] update selection of a group of particles in a region: 52.953 µs (0.061 µs, 833 calls)
[27-07-2022 10:55:21.857868] [  0.0%] update selection of a group of particles in a region: 52.963 µs (0.097 µs, 833 calls)
[27-07-2022 10:55:21.857877] [  0.0%] update selection of a group of particles in a region: 52.971 µs (0.089 µs, 833 calls)
[27-07-2022 10:55:21.857886] [  0.0%] update selection of a group of particles in a region: 52.982 µs (0.075 µs, 833 calls)
[27-07-2022 10:55:21.857895] [  0.0%] update selection of a group of particles in a region: 53.028 µs (0.066 µs, 833 calls)
[27-07-2022 10:55:21.857903] [  0.0%] update selection of a group of particles in a region: 53.061 µs (0.082 µs, 833 calls)
[27-07-2022 10:55:21.857912] [  0.0%] update selection of a group of particles in a region: 53.096 µs (0.095 µs, 833 calls)
[27-07-2022 10:55:21.857921] [  0.0%] update selection of a group of particles in a region: 53.13 µs (0.38 µs, 833 calls)
[27-07-2022 10:55:21.857930] [  0.0%] update selection of a group of particles in a region: 53.145 µs (0.049 µs, 833 calls)
[27-07-2022 10:55:21.857939] [  0.0%] update selection of a group of particles in a region: 53.195 µs (0.055 µs, 833 calls)
[27-07-2022 10:55:21.857947] [  0.0%] update selection of a group of particles in a region: 53.22 µs (0.46 µs, 833 calls)
[27-07-2022 10:55:21.857956] [  0.0%] update selection of a group of particles in a region: 53.232 µs (0.062 µs, 833 calls)
[27-07-2022 10:55:21.857965] [  0.0%] update selection of a group of particles in a region: 53.304 µs (0.079 µs, 833 calls)
[27-07-2022 10:55:21.857974] [  0.0%] compute heat_flux: 53.310 µs (0.097 µs, 833 calls)
[27-07-2022 10:55:21.857982] [  0.0%] update selection of a group of particles in a region: 53.44 µs (0.45 µs, 833 calls)
[27-07-2022 10:55:21.857991] [  0.0%] update selection of a group of particles in a region: 54.85 µs (0.11 µs, 833 calls)
[27-07-2022 10:55:21.858000] [  0.0%] compute kinetic-energy: 55.28 µs (0.14 µs, 833 calls)
[27-07-2022 10:55:21.858008] [  0.0%] on_append_integrate: 94.21 ns (0.14 ns, 500000 calls)
[27-07-2022 10:55:21.858017] [  0.0%] compute virial: 48.19 µs (0.13 µs, 1000 calls)
[27-07-2022 10:55:21.858026] [  0.0%] on_append_finalize: 96.62 ns (0.14 ns, 500000 calls)
[27-07-2022 10:55:21.858035] [  0.0%] compute centre-of-mass velocity: 52.97 µs (0.17 µs, 1000 calls)
[27-07-2022 10:55:21.858044] [  0.0%] compute kinetic-energy: 57.00 µs (0.14 µs, 1000 calls)
[27-07-2022 10:55:21.858053] [  0.0%] update selection of a group of particles in a region: 91.79 µs (0.33 µs, 833 calls)
[27-07-2022 10:55:21.858062] [  0.0%] preparation for integration step: 414.6 ns (1.7 ns, 500000 calls)
[27-07-2022 10:55:21.858071] [  0.0%] map particles to Hilbert curve (all): 9.369 µs (0.013 µs, 29879 calls)
[27-07-2022 10:55:21.858080] [  0.0%] zero maximum displacement (all): 5.7214 µs (0.0058 µs, 59758 calls)
[27-07-2022 10:55:21.858091] [  0.1%] Boltzmann distribution: 108.047 µs (0.03 µs, 7936 calls)
[27-07-2022 10:55:21.858100] [  0.1%] on_prepend_integrate: 2.460 µs (0.038 µs, 500000 calls)
[27-07-2022 10:55:21.858109] [  0.2%] computation of smooth_r4 Lennard-Jones potential and auxiliary variables: 1.24456 ms (0.00069 ms, 1667 calls)
[27-07-2022 10:55:21.858118] [  0.2%] computation of density modes for allfluid particles: 2.5195 ms (0.0018 ms, 833 calls)
[27-07-2022 10:55:21.858127] [  0.6%] second half-step of velocity-Verlet: 16.7835 µs (0.0031 µs, 492064 calls)
[27-07-2022 10:55:21.858136] [  0.8%] first half-step of velocity-Verlet: 21.2320 µs (0.0037 µs, 500000 calls)
[27-07-2022 10:55:21.858145] [  1.1%] computation of density modes for allfluid particles: 17.257 ms (0.011 ms, 833 calls)
[27-07-2022 10:55:21.858154] [  1.1%] computation of kinetic energy density modes for allfluid particles: 17.278 ms (0.011 ms, 833 calls)
[27-07-2022 10:55:21.858163] [  1.7%] compute maximum displacement (all): 42.7295 µs (0.0065 µs, 500000 calls)
[27-07-2022 10:55:21.858172] [  1.8%] second half-step of velocity-Verlet: 45.6861 µs (0.0039 µs, 500000 calls)
[27-07-2022 10:55:21.858181] [  2.2%] update selection of a group of particles in a region: 55.2917 µs (0.0055 µs, 500001 calls)
[27-07-2022 10:55:21.858189] [  2.2%] update selection of a group of particles in a region: 56.4703 µs (0.009 µs, 500001 calls)
[27-07-2022 10:55:21.858198] [  2.6%] on_finalize: 67.239 µs (0.019 µs, 500000 calls)
[27-07-2022 10:55:21.858207] [  2.9%] first half-step of velocity-Verlet: 72.9685 µs (0.005 µs, 500000 calls)
[27-07-2022 10:55:21.858216] [  3.8%] on_integrate: 95.9973 µs (0.007 µs, 500000 calls)
[27-07-2022 10:55:21.858225] [  4.7%] cell lists update (all): 2.02481 ms (0.00048 ms, 29879 calls)
[27-07-2022 10:55:21.858234] [  6.8%] rearrange particles by permutation (all): 2.92382 ms (0.00076 ms, 29879 calls)
[27-07-2022 10:55:21.858242] [ 11.8%] order particles along Hilbert curve (all): 5.0543 ms (0.0024 ms, 29879 calls)
[27-07-2022 10:55:21.858251] [ 13.4%] update of neighbour lists (all ← all): 5.74565 ms (0.00035 ms, 29879 calls)
[27-07-2022 10:55:21.858260] [ 15.4%] evaluation of observables: 393 µs (14 µs, 500000 calls)
[27-07-2022 10:55:21.858269] [ 41.0%] computation of smooth_r4 Lennard-Jones potential: 1.051001 ms (2.6e-05 ms, 498334 calls)
[27-07-2022 10:55:21.858278] [ 78.1%] on_prepend_finalize: 1.9939 ms (0.0043 ms, 500000 calls)
[27-07-2022 10:55:21.858287] [ 84.6%] MD integration step: 2.1602 ms (0.0043 ms, 500000 calls)
[27-07-2022 10:55:21.858296] [100.0%] total simulation runtime: 10.6 min (1.3 min, 2 calls)
[27-07-2022 10:55:21.904270] HALMD exit
