[19-07-2022 14:44:23.577925] HALMD (HAL’s MD package) 1.0-alpha6-patch193 [AdResS-branch commit 36e879ed8]
[19-07-2022 14:44:23.578138] variant: +GPU +GPU_SINGLE_PRECISION +GPU_DOUBLE_SINGLE_PRECISION +FORCE_DSFUN
[19-07-2022 14:44:23.578158] built with GNU 8.3.0 and NVCC 9.2 for Lua 5.1.4
[19-07-2022 14:44:23.578169] command line: halmd obstacle_slab.lua -v --pore_diameter 8
[19-07-2022 14:44:23.578180] host name: merciful.imp.fu-berlin.de
[19-07-2022 14:44:23.580425] profiler timer resolution: 1 ns
[19-07-2022 14:44:23.593424] edge lengths of simulation domain: 100 30 30
[19-07-2022 14:44:23.598918] number of particles: 36864
[19-07-2022 14:44:23.598957] number of particle species: 1
[19-07-2022 14:44:23.606219] lattice: restrict initial particle positions to slab: 0.2 1 1
[19-07-2022 14:44:23.606285] lattice: placing particles on fcc lattice: a = 1.25
[19-07-2022 14:44:23.638952] write to H5MD file: /srv/public/bottinelli/sample/test_obstacle/obstacle_slab.h5
[19-07-2022 14:44:23.649762] integration time step: 0.005
[19-07-2022 14:44:23.649848] random (GPU): random number generator type: rand48
[19-07-2022 14:44:23.649866] random (GPU): set RNG seed: 94184265
[19-07-2022 14:44:23.651340] verlet_nvt_andersen: temperature of heat bath: 0
[19-07-2022 14:44:23.651374] verlet_nvt_andersen: collision rate with heat bath: 4
[19-07-2022 14:44:23.653544] starting simulation run over 2000 integration steps
[19-07-2022 14:44:23.865394] finished simulation run
[19-07-2022 14:44:23.905275] HALMD exit
