[20-07-2022 10:32:59.886905] HALMD (HAL’s MD package) 1.0-alpha6-patch193 [AdResS-branch commit 36e879ed8]
[20-07-2022 10:32:59.887049] variant: +GPU +GPU_SINGLE_PRECISION +GPU_DOUBLE_SINGLE_PRECISION +FORCE_DSFUN
[20-07-2022 10:32:59.887069] built with GNU 8.3.0 and NVCC 9.2 for Lua 5.1.4
[20-07-2022 10:32:59.887080] command line: halmd second_step.lua -v --input pore_result.h5
[20-07-2022 10:32:59.887090] host name: merciful.imp.fu-berlin.de
[20-07-2022 10:32:59.889149] profiler timer resolution: 1 ns
[20-07-2022 10:32:59.889703] read from H5MD file: /srv/public/bottinelli/sample/test_obstacle/pore_result.h5
[20-07-2022 10:32:59.904524] reading /particles/all/position at step 2000
[20-07-2022 10:32:59.912558] reading /particles/all/velocity at step 2000
[20-07-2022 10:32:59.919119] reading /particles/all/species at step 2000
[20-07-2022 10:32:59.920022] reading /particles/all/mass at step 2000
[20-07-2022 10:32:59.924160] reading box specification from /particles/all
[20-07-2022 10:32:59.924477] edge lengths of simulation domain: 100 30 30
[20-07-2022 10:32:59.930268] number of particles: 92480
[20-07-2022 10:32:59.930301] number of particle species: 2
[20-07-2022 10:32:59.964953] lennard_jones: potential well depths: ε = [2,2]((1,1),(1,0))
[20-07-2022 10:32:59.965025] lennard_jones: potential core width: σ = [2,2]((1,1.5),(1.5,2))
[20-07-2022 10:32:59.969041] potential cutoff length: r_c = [2,2]((2.5,1.12246),(1.12246,1.12246))
[20-07-2022 10:32:59.969078] potential cutoff energy: U = [2,2]((-0.0163169,-1),(-1,-0))
[20-07-2022 10:32:59.986448] binning (all): initial cell occupancy: 0.5
[20-07-2022 10:32:59.986493] binning (all): neighbour list skin: 0.5
[20-07-2022 10:32:59.986510] binning (all): number of cells per dimension: 33 10 10
[20-07-2022 10:32:59.986524] binning (all): edge lengths of cells: 3.0303 3 3
[20-07-2022 10:32:59.986539] binning (all): number of placeholders per cell: 64
[20-07-2022 10:32:59.986551] binning (all): average cell occupancy: 0.437879
[20-07-2022 10:32:59.987698] neighbour (all ← all): neighbour list skin: 0.5
[20-07-2022 10:32:59.987744] neighbour (all ← all): number of placeholders per neighbour list: 291
[20-07-2022 10:32:59.987796] Hilbert sort (all): vertex recursion depth: 7
[20-07-2022 10:32:59.988138] Closing H5MD file pore_result.h5
[20-07-2022 10:32:59.991983] integration time step: 0.002
[20-07-2022 10:32:59.992052] random (GPU): random number generator type: rand48
[20-07-2022 10:32:59.992071] random (GPU): set RNG seed: 4155295648
[20-07-2022 10:32:59.992516] verlet_nvt_boltzmann: temperature of Boltzmann distribution: 1
[20-07-2022 10:32:59.992556] verlet_nvt_boltzmann: coupling interval: 63 steps
[20-07-2022 10:32:59.992574] verlet_nvt_boltzmann: coupling rate: 7.93651 per unit time
[20-07-2022 10:32:59.994962] integration time step: 0.002
[20-07-2022 10:32:59.999764] write to H5MD file: /srv/public/bottinelli/sample/test_obstacle/result_out_20220720_103259
[20-07-2022 10:33:00.017315] starting simulation run over 250000 integration steps
[20-07-2022 10:33:10.003491] 35.4 min estimated remaining runtime at step 2337
[20-07-2022 10:42:02.585557] finished simulation run
[20-07-2022 10:42:02.634294] wavevector: construct dense grid of wavevectors
[20-07-2022 10:42:02.634365] wavevector: maximum wavenumber: 12.6292
[20-07-2022 10:42:02.634418] wavevector: apply filter on wavevectors: 1 0 0
[20-07-2022 10:42:02.673116] starting simulation run over 250000 integration steps
[20-07-2022 10:48:10.014680] 3.0 min estimated remaining runtime at step 418628
[20-07-2022 10:51:07.667297] finished simulation run
[20-07-2022 10:51:07.667532] [  0.0%] finishing simulation: 205.5 ns (6.5 ns, 2 calls)
[20-07-2022 10:51:07.667559] [  0.0%] start-up of simulation: 732 ns (36 ns, 2 calls)
[20-07-2022 10:51:07.667570] [  0.0%] compute virial: 45.25 µs (0.11 µs, 833 calls)
[20-07-2022 10:51:07.667581] [  0.0%] compute virial: 45.28 µs (0.13 µs, 833 calls)
[20-07-2022 10:51:07.667606] [  0.0%] compute virial: 45.35 µs (0.14 µs, 833 calls)
[20-07-2022 10:51:07.667629] [  0.0%] compute virial: 45.36 µs (0.12 µs, 833 calls)
[20-07-2022 10:51:07.667673] [  0.0%] compute virial: 45.37 µs (0.12 µs, 833 calls)
[20-07-2022 10:51:07.667698] [  0.0%] compute virial: 45.39 µs (0.11 µs, 833 calls)
[20-07-2022 10:51:07.667720] [  0.0%] compute virial: 45.39 µs (0.15 µs, 833 calls)
[20-07-2022 10:51:07.667743] [  0.0%] compute virial: 45.40 µs (0.19 µs, 833 calls)
[20-07-2022 10:51:07.667766] [  0.0%] compute virial: 45.41 µs (0.11 µs, 833 calls)
[20-07-2022 10:51:07.667790] [  0.0%] compute virial: 45.42 µs (0.12 µs, 833 calls)
[20-07-2022 10:51:07.667811] [  0.0%] compute virial: 45.43 µs (0.16 µs, 833 calls)
[20-07-2022 10:51:07.667834] [  0.0%] compute virial: 45.45 µs (0.16 µs, 833 calls)
[20-07-2022 10:51:07.667856] [  0.0%] compute virial: 45.50 µs (0.11 µs, 833 calls)
[20-07-2022 10:51:07.667880] [  0.0%] compute virial: 45.53 µs (0.16 µs, 833 calls)
[20-07-2022 10:51:07.667902] [  0.0%] compute virial: 45.53 µs (0.11 µs, 833 calls)
[20-07-2022 10:51:07.667925] [  0.0%] compute virial: 45.56 µs (0.18 µs, 833 calls)
[20-07-2022 10:51:07.667947] [  0.0%] compute virial: 45.56 µs (0.19 µs, 833 calls)
[20-07-2022 10:51:07.667971] [  0.0%] compute virial: 45.57 µs (0.17 µs, 833 calls)
[20-07-2022 10:51:07.667992] [  0.0%] compute virial: 45.57 µs (0.24 µs, 833 calls)
[20-07-2022 10:51:07.668015] [  0.0%] compute virial: 45.58 µs (0.2 µs, 833 calls)
[20-07-2022 10:51:07.668037] [  0.0%] compute virial: 45.58 µs (0.11 µs, 833 calls)
[20-07-2022 10:51:07.668062] [  0.0%] compute virial: 45.58 µs (0.14 µs, 833 calls)
[20-07-2022 10:51:07.668073] [  0.0%] compute virial: 45.60 µs (0.13 µs, 833 calls)
[20-07-2022 10:51:07.668084] [  0.0%] compute virial: 45.60 µs (0.26 µs, 833 calls)
[20-07-2022 10:51:07.668095] [  0.0%] compute virial: 45.60 µs (0.15 µs, 833 calls)
[20-07-2022 10:51:07.668105] [  0.0%] compute virial: 45.62 µs (0.34 µs, 833 calls)
[20-07-2022 10:51:07.668116] [  0.0%] compute virial: 45.64 µs (0.29 µs, 833 calls)
[20-07-2022 10:51:07.668126] [  0.0%] compute virial: 45.66 µs (0.17 µs, 833 calls)
[20-07-2022 10:51:07.668137] [  0.0%] compute virial: 45.66 µs (0.16 µs, 833 calls)
[20-07-2022 10:51:07.668148] [  0.0%] compute virial: 45.74 µs (0.12 µs, 833 calls)
[20-07-2022 10:51:07.668158] [  0.0%] compute virial: 45.74 µs (0.23 µs, 833 calls)
[20-07-2022 10:51:07.668169] [  0.0%] compute virial: 45.75 µs (0.23 µs, 833 calls)
[20-07-2022 10:51:07.668180] [  0.0%] compute virial: 45.75 µs (0.19 µs, 833 calls)
[20-07-2022 10:51:07.668190] [  0.0%] compute virial: 45.78 µs (0.14 µs, 833 calls)
[20-07-2022 10:51:07.668201] [  0.0%] compute virial: 45.79 µs (0.13 µs, 833 calls)
[20-07-2022 10:51:07.668211] [  0.0%] compute virial: 45.79 µs (0.15 µs, 833 calls)
[20-07-2022 10:51:07.668221] [  0.0%] compute virial: 45.80 µs (0.29 µs, 833 calls)
[20-07-2022 10:51:07.668232] [  0.0%] compute virial: 45.99 µs (0.17 µs, 833 calls)
[20-07-2022 10:51:07.668241] [  0.0%] compute virial: 46.02 µs (0.16 µs, 833 calls)
[20-07-2022 10:51:07.668252] [  0.0%] compute kinetic-energy: 47.37 µs (0.1 µs, 833 calls)
[20-07-2022 10:51:07.668263] [  0.0%] compute kinetic-energy: 47.40 µs (0.11 µs, 833 calls)
[20-07-2022 10:51:07.668273] [  0.0%] compute kinetic-energy: 47.44 µs (0.11 µs, 833 calls)
[20-07-2022 10:51:07.668284] [  0.0%] compute kinetic-energy: 47.49 µs (0.25 µs, 833 calls)
[20-07-2022 10:51:07.668295] [  0.0%] compute kinetic-energy: 47.51 µs (0.12 µs, 833 calls)
[20-07-2022 10:51:07.668305] [  0.0%] compute kinetic-energy: 47.56 µs (0.14 µs, 833 calls)
[20-07-2022 10:51:07.668316] [  0.0%] compute kinetic-energy: 47.57 µs (0.11 µs, 833 calls)
[20-07-2022 10:51:07.668327] [  0.0%] compute kinetic-energy: 47.59 µs (0.11 µs, 833 calls)
[20-07-2022 10:51:07.668338] [  0.0%] compute kinetic-energy: 47.607 µs (0.097 µs, 833 calls)
[20-07-2022 10:51:07.668349] [  0.0%] compute kinetic-energy: 47.61 µs (0.12 µs, 833 calls)
[20-07-2022 10:51:07.668359] [  0.0%] compute kinetic-energy: 47.64 µs (0.11 µs, 833 calls)
[20-07-2022 10:51:07.668370] [  0.0%] compute kinetic-energy: 47.65 µs (0.16 µs, 833 calls)
[20-07-2022 10:51:07.668383] [  0.0%] compute kinetic-energy: 47.67 µs (0.13 µs, 833 calls)
[20-07-2022 10:51:07.668395] [  0.0%] compute kinetic-energy: 47.68 µs (0.11 µs, 833 calls)
[20-07-2022 10:51:07.668405] [  0.0%] compute kinetic-energy: 47.69 µs (0.12 µs, 833 calls)
[20-07-2022 10:51:07.668416] [  0.0%] compute virial: 47.70 µs (0.5 µs, 833 calls)
[20-07-2022 10:51:07.668427] [  0.0%] compute kinetic-energy: 47.72 µs (0.14 µs, 833 calls)
[20-07-2022 10:51:07.668438] [  0.0%] compute kinetic-energy: 47.73 µs (0.12 µs, 833 calls)
[20-07-2022 10:51:07.668448] [  0.0%] compute kinetic-energy: 47.75 µs (0.17 µs, 833 calls)
[20-07-2022 10:51:07.668459] [  0.0%] compute kinetic-energy: 47.75 µs (0.18 µs, 833 calls)
[20-07-2022 10:51:07.668470] [  0.0%] compute kinetic-energy: 47.76 µs (0.18 µs, 833 calls)
[20-07-2022 10:51:07.668480] [  0.0%] compute kinetic-energy: 47.78 µs (0.15 µs, 833 calls)
[20-07-2022 10:51:07.668491] [  0.0%] compute kinetic-energy: 47.79 µs (0.12 µs, 833 calls)
[20-07-2022 10:51:07.668502] [  0.0%] compute kinetic-energy: 47.80 µs (0.13 µs, 833 calls)
[20-07-2022 10:51:07.668512] [  0.0%] compute kinetic-energy: 47.82 µs (0.16 µs, 833 calls)
[20-07-2022 10:51:07.668523] [  0.0%] compute kinetic-energy: 47.82 µs (0.14 µs, 833 calls)
[20-07-2022 10:51:07.668534] [  0.0%] compute kinetic-energy: 47.83 µs (0.13 µs, 833 calls)
[20-07-2022 10:51:07.668545] [  0.0%] compute kinetic-energy: 47.86 µs (0.17 µs, 833 calls)
[20-07-2022 10:51:07.668555] [  0.0%] compute kinetic-energy: 47.87 µs (0.13 µs, 833 calls)
[20-07-2022 10:51:07.668567] [  0.0%] compute kinetic-energy: 47.89 µs (0.21 µs, 833 calls)
[20-07-2022 10:51:07.668578] [  0.0%] compute kinetic-energy: 47.92 µs (0.13 µs, 833 calls)
[20-07-2022 10:51:07.668588] [  0.0%] compute kinetic-energy: 47.96 µs (0.17 µs, 833 calls)
[20-07-2022 10:51:07.668599] [  0.0%] compute kinetic-energy: 47.97 µs (0.32 µs, 833 calls)
[20-07-2022 10:51:07.668610] [  0.0%] compute kinetic-energy: 47.98 µs (0.21 µs, 833 calls)
[20-07-2022 10:51:07.668621] [  0.0%] compute kinetic-energy: 47.99 µs (0.22 µs, 833 calls)
[20-07-2022 10:51:07.668631] [  0.0%] compute kinetic-energy: 48.00 µs (0.18 µs, 833 calls)
[20-07-2022 10:51:07.668642] [  0.0%] compute kinetic-energy: 48.00 µs (0.22 µs, 833 calls)
[20-07-2022 10:51:07.668653] [  0.0%] compute kinetic-energy: 48.10 µs (0.27 µs, 833 calls)
[20-07-2022 10:51:07.668663] [  0.0%] compute kinetic-energy: 48.17 µs (0.19 µs, 833 calls)
[20-07-2022 10:51:07.668674] [  0.0%] compute kinetic-energy: 48.22 µs (0.24 µs, 833 calls)
[20-07-2022 10:51:07.668685] [  0.0%] compute centre-of-mass velocity: 49.86 µs (0.11 µs, 833 calls)
[20-07-2022 10:51:07.668696] [  0.0%] compute centre-of-mass velocity: 49.88 µs (0.11 µs, 833 calls)
[20-07-2022 10:51:07.668706] [  0.0%] compute centre-of-mass velocity: 49.88 µs (0.11 µs, 833 calls)
[20-07-2022 10:51:07.668717] [  0.0%] compute centre-of-mass velocity: 49.96 µs (0.15 µs, 833 calls)
[20-07-2022 10:51:07.668727] [  0.0%] compute centre-of-mass velocity: 49.99 µs (0.12 µs, 833 calls)
[20-07-2022 10:51:07.668737] [  0.0%] compute centre-of-mass velocity: 50.03 µs (0.12 µs, 833 calls)
[20-07-2022 10:51:07.668747] [  0.0%] compute centre-of-mass velocity: 50.05 µs (0.13 µs, 833 calls)
[20-07-2022 10:51:07.668758] [  0.0%] compute centre-of-mass velocity: 50.05 µs (0.16 µs, 833 calls)
[20-07-2022 10:51:07.668768] [  0.0%] compute centre-of-mass velocity: 50.07 µs (0.12 µs, 833 calls)
[20-07-2022 10:51:07.668779] [  0.0%] compute centre-of-mass velocity: 50.08 µs (0.12 µs, 833 calls)
[20-07-2022 10:51:07.668790] [  0.0%] compute centre-of-mass velocity: 50.18 µs (0.14 µs, 833 calls)
[20-07-2022 10:51:07.668800] [  0.0%] compute centre-of-mass velocity: 50.24 µs (0.58 µs, 833 calls)
[20-07-2022 10:51:07.668811] [  0.0%] compute centre-of-mass velocity: 50.26 µs (0.22 µs, 833 calls)
[20-07-2022 10:51:07.668822] [  0.0%] compute centre-of-mass velocity: 50.27 µs (0.12 µs, 833 calls)
[20-07-2022 10:51:07.668835] [  0.0%] compute centre-of-mass velocity: 50.27 µs (0.13 µs, 833 calls)
[20-07-2022 10:51:07.668846] [  0.0%] compute centre-of-mass velocity: 50.33 µs (0.15 µs, 833 calls)
[20-07-2022 10:51:07.668857] [  0.0%] compute centre-of-mass velocity: 50.33 µs (0.25 µs, 833 calls)
[20-07-2022 10:51:07.668868] [  0.0%] compute centre-of-mass velocity: 50.34 µs (0.13 µs, 833 calls)
[20-07-2022 10:51:07.668878] [  0.0%] compute centre-of-mass velocity: 50.38 µs (0.14 µs, 833 calls)
[20-07-2022 10:51:07.668889] [  0.0%] compute centre-of-mass velocity: 50.39 µs (0.13 µs, 833 calls)
[20-07-2022 10:51:07.668899] [  0.0%] compute centre-of-mass velocity: 50.39 µs (0.17 µs, 833 calls)
[20-07-2022 10:51:07.668910] [  0.0%] compute centre-of-mass velocity: 50.39 µs (0.13 µs, 833 calls)
[20-07-2022 10:51:07.668920] [  0.0%] compute centre-of-mass velocity: 50.41 µs (0.24 µs, 833 calls)
[20-07-2022 10:51:07.668931] [  0.0%] compute centre-of-mass velocity: 50.43 µs (0.14 µs, 833 calls)
[20-07-2022 10:51:07.668942] [  0.0%] compute centre-of-mass velocity: 50.44 µs (0.15 µs, 833 calls)
[20-07-2022 10:51:07.668952] [  0.0%] compute centre-of-mass velocity: 50.46 µs (0.19 µs, 833 calls)
[20-07-2022 10:51:07.668963] [  0.0%] compute centre-of-mass velocity: 50.47 µs (0.14 µs, 833 calls)
[20-07-2022 10:51:07.668974] [  0.0%] compute centre-of-mass velocity: 50.48 µs (0.12 µs, 833 calls)
[20-07-2022 10:51:07.668984] [  0.0%] compute centre-of-mass velocity: 50.49 µs (0.15 µs, 833 calls)
[20-07-2022 10:51:07.668995] [  0.0%] compute centre-of-mass velocity: 50.54 µs (0.27 µs, 833 calls)
[20-07-2022 10:51:07.669006] [  0.0%] compute centre-of-mass velocity: 50.60 µs (0.58 µs, 833 calls)
[20-07-2022 10:51:07.669016] [  0.0%] compute centre-of-mass velocity: 50.74 µs (0.33 µs, 833 calls)
[20-07-2022 10:51:07.669027] [  0.0%] compute centre-of-mass velocity: 50.76 µs (0.28 µs, 833 calls)
[20-07-2022 10:51:07.669037] [  0.0%] compute centre-of-mass velocity: 50.77 µs (0.14 µs, 833 calls)
[20-07-2022 10:51:07.669048] [  0.0%] compute centre-of-mass velocity: 50.79 µs (0.17 µs, 833 calls)
[20-07-2022 10:51:07.669059] [  0.0%] compute centre-of-mass velocity: 50.90 µs (0.48 µs, 833 calls)
[20-07-2022 10:51:07.669069] [  0.0%] compute centre-of-mass velocity: 50.92 µs (0.33 µs, 833 calls)
[20-07-2022 10:51:07.669080] [  0.0%] compute centre-of-mass velocity: 51.00 µs (0.56 µs, 833 calls)
[20-07-2022 10:51:07.669090] [  0.0%] compute centre-of-mass velocity: 51.4 µs (1.3 µs, 833 calls)
[20-07-2022 10:51:07.669101] [  0.0%] compute centre-of-mass velocity: 51.48 µs (0.2 µs, 833 calls)
[20-07-2022 10:51:07.669112] [  0.0%] compute heat_flux: 51.74 µs (0.12 µs, 833 calls)
[20-07-2022 10:51:07.669123] [  0.0%] compute heat_flux: 51.79 µs (0.12 µs, 833 calls)
[20-07-2022 10:51:07.669133] [  0.0%] compute kinetic-energy: 51.86 µs (0.17 µs, 833 calls)
[20-07-2022 10:51:07.669144] [  0.0%] compute heat_flux: 51.88 µs (0.11 µs, 833 calls)
[20-07-2022 10:51:07.669155] [  0.0%] compute heat_flux: 51.90 µs (0.15 µs, 833 calls)
[20-07-2022 10:51:07.669166] [  0.0%] compute heat_flux: 51.91 µs (0.12 µs, 833 calls)
[20-07-2022 10:51:07.669176] [  0.0%] compute heat_flux: 51.92 µs (0.14 µs, 833 calls)
[20-07-2022 10:51:07.669187] [  0.0%] compute heat_flux: 51.94 µs (0.23 µs, 833 calls)
[20-07-2022 10:51:07.669198] [  0.0%] compute heat_flux: 51.94 µs (0.15 µs, 833 calls)
[20-07-2022 10:51:07.669208] [  0.0%] compute heat_flux: 51.96 µs (0.13 µs, 833 calls)
[20-07-2022 10:51:07.669219] [  0.0%] compute heat_flux: 51.99 µs (0.13 µs, 833 calls)
[20-07-2022 10:51:07.669230] [  0.0%] compute heat_flux: 52.01 µs (0.18 µs, 833 calls)
[20-07-2022 10:51:07.669240] [  0.0%] compute heat_flux: 52.03 µs (0.13 µs, 833 calls)
[20-07-2022 10:51:07.669251] [  0.0%] compute heat_flux: 52.05 µs (0.14 µs, 833 calls)
[20-07-2022 10:51:07.669261] [  0.0%] compute heat_flux: 52.07 µs (0.2 µs, 833 calls)
[20-07-2022 10:51:07.669272] [  0.0%] compute heat_flux: 52.07 µs (0.14 µs, 833 calls)
[20-07-2022 10:51:07.669285] [  0.0%] compute heat_flux: 52.09 µs (0.12 µs, 833 calls)
[20-07-2022 10:51:07.669296] [  0.0%] compute heat_flux: 52.09 µs (0.15 µs, 833 calls)
[20-07-2022 10:51:07.669307] [  0.0%] compute heat_flux: 52.12 µs (0.16 µs, 833 calls)
[20-07-2022 10:51:07.669318] [  0.0%] compute heat_flux: 52.15 µs (0.13 µs, 833 calls)
[20-07-2022 10:51:07.669328] [  0.0%] compute heat_flux: 52.25 µs (0.17 µs, 833 calls)
[20-07-2022 10:51:07.669339] [  0.0%] compute heat_flux: 52.26 µs (0.24 µs, 833 calls)
[20-07-2022 10:51:07.669350] [  0.0%] compute heat_flux: 52.26 µs (0.17 µs, 833 calls)
[20-07-2022 10:51:07.669360] [  0.0%] compute heat_flux: 52.27 µs (0.12 µs, 833 calls)
[20-07-2022 10:51:07.669371] [  0.0%] compute heat_flux: 52.27 µs (0.16 µs, 833 calls)
[20-07-2022 10:51:07.669382] [  0.0%] compute heat_flux: 52.28 µs (0.25 µs, 833 calls)
[20-07-2022 10:51:07.669392] [  0.0%] compute heat_flux: 52.29 µs (0.22 µs, 833 calls)
[20-07-2022 10:51:07.669403] [  0.0%] compute heat_flux: 52.34 µs (0.25 µs, 833 calls)
[20-07-2022 10:51:07.669413] [  0.0%] compute heat_flux: 52.41 µs (0.18 µs, 833 calls)
[20-07-2022 10:51:07.669424] [  0.0%] compute heat_flux: 52.48 µs (0.38 µs, 833 calls)
[20-07-2022 10:51:07.669434] [  0.0%] compute heat_flux: 52.48 µs (0.24 µs, 833 calls)
[20-07-2022 10:51:07.669445] [  0.0%] compute heat_flux: 52.48 µs (0.15 µs, 833 calls)
[20-07-2022 10:51:07.669455] [  0.0%] compute heat_flux: 52.48 µs (0.27 µs, 833 calls)
[20-07-2022 10:51:07.669466] [  0.0%] compute heat_flux: 52.50 µs (0.21 µs, 833 calls)
[20-07-2022 10:51:07.669476] [  0.0%] compute heat_flux: 52.54 µs (0.2 µs, 833 calls)
[20-07-2022 10:51:07.669487] [  0.0%] update selection of a group of particles in a region: 52.56 µs (0.13 µs, 833 calls)
[20-07-2022 10:51:07.669497] [  0.0%] update selection of a group of particles in a region: 52.636 µs (0.094 µs, 833 calls)
[20-07-2022 10:51:07.669508] [  0.0%] update selection of a group of particles in a region: 52.695 µs (0.098 µs, 833 calls)
[20-07-2022 10:51:07.669519] [  0.0%] compute heat_flux: 52.70 µs (0.53 µs, 833 calls)
[20-07-2022 10:51:07.669529] [  0.0%] update selection of a group of particles in a region: 52.71 µs (0.21 µs, 833 calls)
[20-07-2022 10:51:07.669540] [  0.0%] update selection of a group of particles in a region: 52.76 µs (0.12 µs, 833 calls)
[20-07-2022 10:51:07.669551] [  0.0%] update selection of a group of particles in a region: 52.79 µs (0.12 µs, 833 calls)
[20-07-2022 10:51:07.669562] [  0.0%] update selection of a group of particles in a region: 52.79 µs (0.11 µs, 833 calls)
[20-07-2022 10:51:07.669573] [  0.0%] compute heat_flux: 52.79 µs (0.53 µs, 833 calls)
[20-07-2022 10:51:07.669583] [  0.0%] update selection of a group of particles in a region: 52.80 µs (0.1 µs, 833 calls)
[20-07-2022 10:51:07.669594] [  0.0%] update selection of a group of particles in a region: 52.81 µs (0.13 µs, 833 calls)
[20-07-2022 10:51:07.669605] [  0.0%] update selection of a group of particles in a region: 52.82 µs (0.11 µs, 833 calls)
[20-07-2022 10:51:07.669615] [  0.0%] update selection of a group of particles in a region: 52.82 µs (0.17 µs, 833 calls)
[20-07-2022 10:51:07.669626] [  0.0%] compute heat_flux: 52.82 µs (0.62 µs, 833 calls)
[20-07-2022 10:51:07.669637] [  0.0%] update selection of a group of particles in a region: 52.84 µs (0.12 µs, 833 calls)
[20-07-2022 10:51:07.669647] [  0.0%] update selection of a group of particles in a region: 52.84 µs (0.12 µs, 833 calls)
[20-07-2022 10:51:07.669658] [  0.0%] update selection of a group of particles in a region: 52.85 µs (0.16 µs, 833 calls)
[20-07-2022 10:51:07.669668] [  0.0%] update selection of a group of particles in a region: 52.87 µs (0.12 µs, 833 calls)
[20-07-2022 10:51:07.669679] [  0.0%] update selection of a group of particles in a region: 52.88 µs (0.19 µs, 833 calls)
[20-07-2022 10:51:07.669690] [  0.0%] update selection of a group of particles in a region: 52.89 µs (0.11 µs, 833 calls)
[20-07-2022 10:51:07.669703] [  0.0%] update selection of a group of particles in a region: 52.89 µs (0.13 µs, 833 calls)
[20-07-2022 10:51:07.669715] [  0.0%] update selection of a group of particles in a region: 52.90 µs (0.12 µs, 833 calls)
[20-07-2022 10:51:07.669725] [  0.0%] update selection of a group of particles in a region: 52.92 µs (0.14 µs, 833 calls)
[20-07-2022 10:51:07.669736] [  0.0%] update selection of a group of particles in a region: 52.93 µs (0.12 µs, 833 calls)
[20-07-2022 10:51:07.669746] [  0.0%] update selection of a group of particles in a region: 52.94 µs (0.11 µs, 833 calls)
[20-07-2022 10:51:07.669756] [  0.0%] update selection of a group of particles in a region: 52.96 µs (0.17 µs, 833 calls)
[20-07-2022 10:51:07.669767] [  0.0%] update selection of a group of particles in a region: 52.97 µs (0.22 µs, 833 calls)
[20-07-2022 10:51:07.669778] [  0.0%] update selection of a group of particles in a region: 52.98 µs (0.16 µs, 833 calls)
[20-07-2022 10:51:07.669788] [  0.0%] update selection of a group of particles in a region: 52.99 µs (0.14 µs, 833 calls)
[20-07-2022 10:51:07.669799] [  0.0%] update selection of a group of particles in a region: 53.00 µs (0.18 µs, 833 calls)
[20-07-2022 10:51:07.669809] [  0.0%] update selection of a group of particles in a region: 53.02 µs (0.28 µs, 833 calls)
[20-07-2022 10:51:07.669820] [  0.0%] update selection of a group of particles in a region: 53.07 µs (0.26 µs, 833 calls)
[20-07-2022 10:51:07.669830] [  0.0%] update selection of a group of particles in a region: 53.08 µs (0.11 µs, 833 calls)
[20-07-2022 10:51:07.669840] [  0.0%] update selection of a group of particles in a region: 53.09 µs (0.26 µs, 833 calls)
[20-07-2022 10:51:07.669850] [  0.0%] update selection of a group of particles in a region: 53.22 µs (0.11 µs, 833 calls)
[20-07-2022 10:51:07.669861] [  0.0%] update selection of a group of particles in a region: 53.23 µs (0.25 µs, 833 calls)
[20-07-2022 10:51:07.669871] [  0.0%] update selection of a group of particles in a region: 53.24 µs (0.19 µs, 833 calls)
[20-07-2022 10:51:07.669882] [  0.0%] update selection of a group of particles in a region: 53.25 µs (0.2 µs, 833 calls)
[20-07-2022 10:51:07.669893] [  0.0%] update selection of a group of particles in a region: 53.41 µs (0.24 µs, 833 calls)
[20-07-2022 10:51:07.669904] [  0.0%] update selection of a group of particles in a region: 53.41 µs (0.14 µs, 833 calls)
[20-07-2022 10:51:07.669914] [  0.0%] compute heat_flux: 53.7 µs (1.5 µs, 833 calls)
[20-07-2022 10:51:07.669925] [  0.0%] compute heat_flux: 53.7 µs (1.4 µs, 833 calls)
[20-07-2022 10:51:07.669935] [  0.0%] update selection of a group of particles in a region: 53.75 µs (0.3 µs, 833 calls)
[20-07-2022 10:51:07.669946] [  0.0%] compute heat_flux: 53.85 µs (0.22 µs, 833 calls)
[20-07-2022 10:51:07.669957] [  0.0%] update selection of a group of particles in a region: 54.5 µs (1.3 µs, 833 calls)
[20-07-2022 10:51:07.669967] [  0.0%] on_append_integrate: 94.72 ns (0.18 ns, 500000 calls)
[20-07-2022 10:51:07.669978] [  0.0%] compute virial: 49.29 µs (0.23 µs, 1000 calls)
[20-07-2022 10:51:07.669989] [  0.0%] update selection of a group of particles in a region: 59.28 µs (0.17 µs, 833 calls)
[20-07-2022 10:51:07.669999] [  0.0%] compute centre-of-mass velocity: 53.91 µs (0.22 µs, 1000 calls)
[20-07-2022 10:51:07.670010] [  0.0%] on_append_finalize: 108.15 ns (0.19 ns, 500000 calls)
[20-07-2022 10:51:07.670021] [  0.0%] compute kinetic-energy: 57.37 µs (0.3 µs, 1000 calls)
[20-07-2022 10:51:07.670032] [  0.0%] preparation for integration step: 447.5 ns (1.9 ns, 500000 calls)
[20-07-2022 10:51:07.670042] [  0.0%] map particles to Hilbert curve (all): 9.539 µs (0.015 µs, 26796 calls)
[20-07-2022 10:51:07.670053] [  0.0%] zero maximum displacement (all): 5.9335 µs (0.0078 µs, 53592 calls)
[20-07-2022 10:51:07.670064] [  0.1%] Boltzmann distribution: 110.33 µs (0.22 µs, 7936 calls)
[20-07-2022 10:51:07.670075] [  0.1%] on_prepend_integrate: 2.468 µs (0.032 µs, 500000 calls)
[20-07-2022 10:51:07.670088] [  0.2%] computation of smooth_r4 Lennard-Jones potential and auxiliary variables: 1.21032 ms (0.00067 ms, 1667 calls)
[20-07-2022 10:51:07.670099] [  0.2%] computation of density modes for allfluid particles: 2.6386 ms (0.0024 ms, 833 calls)
[20-07-2022 10:51:07.670110] [  0.8%] second half-step of velocity-Verlet: 17.212 µs (0.012 µs, 492064 calls)
[20-07-2022 10:51:07.670121] [  1.0%] first half-step of velocity-Verlet: 21.399 µs (0.011 µs, 500000 calls)
[20-07-2022 10:51:07.670132] [  1.4%] computation of density modes for allfluid particles: 18.740 ms (0.013 ms, 833 calls)
[20-07-2022 10:51:07.670142] [  1.4%] computation of kinetic energy density modes for allfluid particles: 18.747 ms (0.013 ms, 833 calls)
[20-07-2022 10:51:07.670153] [  1.9%] compute maximum displacement (all): 42.194 µs (0.014 µs, 500000 calls)
[20-07-2022 10:51:07.670164] [  2.1%] second half-step of velocity-Verlet: 46.149 µs (0.011 µs, 500000 calls)
[20-07-2022 10:51:07.670174] [  2.6%] update selection of a group of particles in a region: 57.070 µs (0.021 µs, 500001 calls)
[20-07-2022 10:51:07.670185] [  2.7%] update selection of a group of particles in a region: 59.102 µs (0.029 µs, 500001 calls)
[20-07-2022 10:51:07.670196] [  3.1%] on_finalize: 68.111 µs (0.028 µs, 500000 calls)
[20-07-2022 10:51:07.670206] [  3.4%] first half-step of velocity-Verlet: 73.693 µs (0.013 µs, 500000 calls)
[20-07-2022 10:51:07.670217] [  4.5%] on_integrate: 96.943 µs (0.02 µs, 500000 calls)
[20-07-2022 10:51:07.670228] [  5.0%] cell lists update (all): 2.03995 ms (0.00064 ms, 26796 calls)
[20-07-2022 10:51:07.670238] [  5.1%] evaluation of observables: 109.9 µs (3.7 µs, 500000 calls)
[20-07-2022 10:51:07.670249] [  7.2%] rearrange particles by permutation (all): 2.94223 ms (0.00099 ms, 26796 calls)
[20-07-2022 10:51:07.670260] [ 12.5%] order particles along Hilbert curve (all): 5.0880 ms (0.0017 ms, 26796 calls)
[20-07-2022 10:51:07.670271] [ 14.0%] update of neighbour lists (all ← all): 5.68405 ms (0.00069 ms, 26796 calls)
[20-07-2022 10:51:07.670282] [ 47.2%] computation of smooth_r4 Lennard-Jones potential: 1.029721 ms (4.2e-05 ms, 498334 calls)
[20-07-2022 10:51:07.670293] [ 87.2%] on_prepend_finalize: 1.8964 ms (0.0041 ms, 500000 calls)
[20-07-2022 10:51:07.670304] [ 94.9%] MD integration step: 2.0646 ms (0.0041 ms, 500000 calls)
[20-07-2022 10:51:07.670315] [100.0%] total simulation runtime: 9.063 min (0.02 min, 2 calls)
[20-07-2022 10:51:07.718786] HALMD exit
