[18-07-2022 15:00:01.430887] HALMD (HAL’s MD package) 1.0-alpha6-patch193 [AdResS-branch commit 36e879ed8]
[18-07-2022 15:00:01.431011] variant: +GPU +GPU_SINGLE_PRECISION +GPU_DOUBLE_SINGLE_PRECISION +FORCE_DSFUN
[18-07-2022 15:00:01.431026] built with GNU 8.3.0 and NVCC 9.2 for Lua 5.1.4
[18-07-2022 15:00:01.431035] command line: halmd obstacle_slab.lua -v
[18-07-2022 15:00:01.431043] host name: merciful.imp.fu-berlin.de
[18-07-2022 15:00:01.433956] profiler timer resolution: 1 ns
[18-07-2022 15:00:01.462964] edge lengths of simulation domain: 100 30 30
[18-07-2022 15:00:01.484427] number of particles: 36864
[18-07-2022 15:00:01.484481] number of particle species: 1
[18-07-2022 15:00:01.496254] lattice: restrict initial particle positions to slab: 0.2 1 1
[18-07-2022 15:00:01.496320] lattice: placing particles on fcc lattice: a = 1.25
[18-07-2022 15:00:01.552674] write to H5MD file: /srv/public/bottinelli/sample/test_obstacle/obstacle_slab.h5
[18-07-2022 15:00:01.584304] integration time step: 0.005
[18-07-2022 15:00:01.584401] random (GPU): random number generator type: rand48
[18-07-2022 15:00:01.584418] random (GPU): set RNG seed: 2892883215
[18-07-2022 15:00:01.585900] verlet_nvt_andersen: temperature of heat bath: 0
[18-07-2022 15:00:01.585931] verlet_nvt_andersen: collision rate with heat bath: 4
[18-07-2022 15:00:01.587849] starting simulation run over 2000 integration steps
[18-07-2022 15:00:01.786284] finished simulation run
[18-07-2022 15:00:01.826988] HALMD exit
